<?xml version="1.0" encoding="UTF-8"?>
<!-- Generated by org.testng.reporters.JUnitReportReporter -->
<testsuite skipped="0" hostname="Hayabusa" name="com.logigear.test.ta_dashboard.testcases.PanelTest_Tien" tests="1" failures="0" timestamp="22 thg 6 2019 03:30:15 GMT" time="36.911" errors="1">
  <testcase name="DA_PANEL_TC031" time="36.911" classname="com.logigear.test.ta_dashboard.testcases.PanelTest_Tien">
    <error type="java.lang.StackOverflowError">
      <![CDATA[java.lang.StackOverflowError
at sun.nio.fs.WindowsNativeDispatcher.CreateFile0(Native Method)
at sun.nio.fs.WindowsNativeDispatcher.CreateFile(WindowsNativeDispatcher.java:71)
at sun.nio.fs.WindowsChannelFactory.open(WindowsChannelFactory.java:302)
at sun.nio.fs.WindowsChannelFactory.newFileChannel(WindowsChannelFactory.java:162)
at sun.nio.fs.WindowsFileSystemProvider.newByteChannel(WindowsFileSystemProvider.java:225)
at java.nio.file.Files.newByteChannel(Files.java:361)
at java.nio.file.Files.newByteChannel(Files.java:407)
at java.nio.file.Files.readAllBytes(Files.java:3152)
at com.logigear.testfw.conf.LocatorLoader.getLocatorsByClassName(LocatorLoader.java:76)
at com.logigear.testfw.conf.LocatorLoader.getLocatorsByClassName(LocatorLoader.java:46)
at com.logigear.testfw.conf.LocatorLoader.getLocatorsByClassName(LocatorLoader.java:43)
at com.logigear.testfw.conf.LocatorLoader.getLocatorsByClassName(LocatorLoader.java:43)
at com.logigear.testfw.common.BasePOM.<init>(BasePOM.java:28)
at com.logigear.test.ta_dashboard.pom.GeneralPage.<init>(GeneralPage.java:50)
at com.logigear.test.ta_dashboard.pom.PanelPage.<init>(PanelPage.java:20)
at com.logigear.test.ta_dashboard.pom.GeneralPage.<init>(GeneralPage.java:47)
at com.logigear.test.ta_dashboard.pom.PanelPage.<init>(PanelPage.java:20)
at com.logigear.test.ta_dashboard.pom.GeneralPage.<init>(GeneralPage.java:47)
at com.logigear.test.ta_dashboard.pom.PanelPage.<init>(PanelPage.java:20)
at com.logigear.test.ta_dashboard.pom.GeneralPage.<init>(GeneralPage.java:47)
at com.logigear.test.ta_dashboard.pom.PanelPage.<init>(PanelPage.java:20)
at com.logigear.test.ta_dashboard.pom.GeneralPage.<init>(GeneralPage.java:47)
at com.logigear.test.ta_dashboard.pom.PanelPage.<init>(PanelPage.java:20)
at com.logigear.test.ta_dashboard.pom.GeneralPage.<init>(GeneralPage.java:47)
at com.logigear.test.ta_dashboard.pom.PanelPage.<init>(PanelPage.java:20)
at com.logigear.test.ta_dashboard.pom.GeneralPage.<init>(GeneralPage.java:47)
at com.logigear.test.ta_dashboard.pom.PanelPage.<init>(PanelPage.java:20)
at com.logigear.test.ta_dashboard.pom.GeneralPage.<init>(GeneralPage.java:47)
at com.logigear.test.ta_dashboard.pom.PanelPage.<init>(PanelPage.java:20)
at com.logigear.test.ta_dashboard.pom.GeneralPage.<init>(GeneralPage.java:47)
at com.logigear.test.ta_dashboard.pom.PanelPage.<init>(PanelPage.java:20)
at com.logigear.test.ta_dashboard.pom.GeneralPage.<init>(GeneralPage.java:47)
at com.logigear.test.ta_dashboard.pom.PanelPage.<init>(PanelPage.java:20)
at com.logigear.test.ta_dashboard.pom.GeneralPage.<init>(GeneralPage.java:47)
at com.logigear.test.ta_dashboard.pom.PanelPage.<init>(PanelPage.java:20)
at com.logigear.test.ta_dashboard.pom.GeneralPage.<init>(GeneralPage.java:47)
at com.logigear.test.ta_dashboard.pom.PanelPage.<init>(PanelPage.java:20)
at com.logigear.test.ta_dashboard.pom.GeneralPage.<init>(GeneralPage.java:47)
at com.logigear.test.ta_dashboard.pom.PanelPage.<init>(PanelPage.java:20)
at com.logigear.test.ta_dashboard.pom.GeneralPage.<init>(GeneralPage.java:47)
at com.logigear.test.ta_dashboard.pom.PanelPage.<init>(PanelPage.java:20)
at com.logigear.test.ta_dashboard.pom.GeneralPage.<init>(GeneralPage.java:47)
at com.logigear.test.ta_dashboard.pom.PanelPage.<init>(PanelPage.java:20)
at com.logigear.test.ta_dashboard.pom.GeneralPage.<init>(GeneralPage.java:47)
at com.logigear.test.ta_dashboard.pom.PanelPage.<init>(PanelPage.java:20)
at com.logigear.test.ta_dashboard.pom.GeneralPage.<init>(GeneralPage.java:47)
at com.logigear.test.ta_dashboard.pom.PanelPage.<init>(PanelPage.java:20)
at com.logigear.test.ta_dashboard.pom.GeneralPage.<init>(GeneralPage.java:47)
at com.logigear.test.ta_dashboard.pom.PanelPage.<init>(PanelPage.java:20)
at com.logigear.test.ta_dashboard.pom.GeneralPage.<init>(GeneralPage.java:47)
at com.logigear.test.ta_dashboard.pom.PanelPage.<init>(PanelPage.java:20)
at com.logigear.test.ta_dashboard.pom.GeneralPage.<init>(GeneralPage.java:47)
at com.logigear.test.ta_dashboard.pom.PanelPage.<init>(PanelPage.java:20)
at com.logigear.test.ta_dashboard.pom.GeneralPage.<init>(GeneralPage.java:47)
at com.logigear.test.ta_dashboard.pom.PanelPage.<init>(PanelPage.java:20)
at com.logigear.test.ta_dashboard.pom.GeneralPage.<init>(GeneralPage.java:47)
at com.logigear.test.ta_dashboard.pom.PanelPage.<init>(PanelPage.java:20)
at com.logigear.test.ta_dashboard.pom.GeneralPage.<init>(GeneralPage.java:47)
at com.logigear.test.ta_dashboard.pom.PanelPage.<init>(PanelPage.java:20)
at com.logigear.test.ta_dashboard.pom.GeneralPage.<init>(GeneralPage.java:47)
at com.logigear.test.ta_dashboard.pom.PanelPage.<init>(PanelPage.java:20)
at com.logigear.test.ta_dashboard.pom.GeneralPage.<init>(GeneralPage.java:47)
at com.logigear.test.ta_dashboard.pom.PanelPage.<init>(PanelPage.java:20)
at com.logigear.test.ta_dashboard.pom.GeneralPage.<init>(GeneralPage.java:47)
at com.logigear.test.ta_dashboard.pom.PanelPage.<init>(PanelPage.java:20)
at com.logigear.test.ta_dashboard.pom.GeneralPage.<init>(GeneralPage.java:47)
at com.logigear.test.ta_dashboard.pom.PanelPage.<init>(PanelPage.java:20)
at com.logigear.test.ta_dashboard.pom.GeneralPage.<init>(GeneralPage.java:47)
at com.logigear.test.ta_dashboard.pom.PanelPage.<init>(PanelPage.java:20)
at com.logigear.test.ta_dashboard.pom.GeneralPage.<init>(GeneralPage.java:47)
at com.logigear.test.ta_dashboard.pom.PanelPage.<init>(PanelPage.java:20)
at com.logigear.test.ta_dashboard.pom.GeneralPage.<init>(GeneralPage.java:47)
at com.logigear.test.ta_dashboard.pom.PanelPage.<init>(PanelPage.java:20)
at com.logigear.test.ta_dashboard.pom.GeneralPage.<init>(GeneralPage.java:47)
at com.logigear.test.ta_dashboard.pom.PanelPage.<init>(PanelPage.java:20)
at com.logigear.test.ta_dashboard.pom.GeneralPage.<init>(GeneralPage.java:47)
at com.logigear.test.ta_dashboard.pom.PanelPage.<init>(PanelPage.java:20)
at com.logigear.test.ta_dashboard.pom.GeneralPage.<init>(GeneralPage.java:47)
at com.logigear.test.ta_dashboard.pom.PanelPage.<init>(PanelPage.java:20)
at com.logigear.test.ta_dashboard.pom.GeneralPage.<init>(GeneralPage.java:47)
at com.logigear.test.ta_dashboard.pom.PanelPage.<init>(PanelPage.java:20)
at com.logigear.test.ta_dashboard.pom.GeneralPage.<init>(GeneralPage.java:47)
at com.logigear.test.ta_dashboard.pom.PanelPage.<init>(PanelPage.java:20)
at com.logigear.test.ta_dashboard.pom.GeneralPage.<init>(GeneralPage.java:47)
at com.logigear.test.ta_dashboard.pom.PanelPage.<init>(PanelPage.java:20)
at com.logigear.test.ta_dashboard.pom.GeneralPage.<init>(GeneralPage.java:47)
at com.logigear.test.ta_dashboard.pom.PanelPage.<init>(PanelPage.java:20)
at com.logigear.test.ta_dashboard.pom.GeneralPage.<init>(GeneralPage.java:47)
at com.logigear.test.ta_dashboard.pom.PanelPage.<init>(PanelPage.java:20)
at com.logigear.test.ta_dashboard.pom.GeneralPage.<init>(GeneralPage.java:47)
at com.logigear.test.ta_dashboard.pom.PanelPage.<init>(PanelPage.java:20)
at com.logigear.test.ta_dashboard.pom.GeneralPage.<init>(GeneralPage.java:47)
at com.logigear.test.ta_dashboard.pom.PanelPage.<init>(PanelPage.java:20)
at com.logigear.test.ta_dashboard.pom.GeneralPage.<init>(GeneralPage.java:47)
at com.logigear.test.ta_dashboard.pom.PanelPage.<init>(PanelPage.java:20)
at com.logigear.test.ta_dashboard.pom.GeneralPage.<init>(GeneralPage.java:47)
at com.logigear.test.ta_dashboard.pom.PanelPage.<init>(PanelPage.java:20)
at com.logigear.test.ta_dashboard.pom.GeneralPage.<init>(GeneralPage.java:47)
at com.logigear.test.ta_dashboard.pom.PanelPage.<init>(PanelPage.java:20)
at com.logigear.test.ta_dashboard.pom.GeneralPage.<init>(GeneralPage.java:47)
at com.logigear.test.ta_dashboard.pom.PanelPage.<init>(PanelPage.java:20)
at com.logigear.test.ta_dashboard.pom.GeneralPage.<init>(GeneralPage.java:47)
at com.logigear.test.ta_dashboard.pom.PanelPage.<init>(PanelPage.java:20)
at com.logigear.test.ta_dashboard.pom.GeneralPage.<init>(GeneralPage.java:47)
at com.logigear.test.ta_dashboard.pom.PanelPage.<init>(PanelPage.java:20)
at com.logigear.test.ta_dashboard.pom.GeneralPage.<init>(GeneralPage.java:47)
at com.logigear.test.ta_dashboard.pom.PanelPage.<init>(PanelPage.java:20)
at com.logigear.test.ta_dashboard.pom.GeneralPage.<init>(GeneralPage.java:47)
at com.logigear.test.ta_dashboard.pom.PanelPage.<init>(PanelPage.java:20)
at com.logigear.test.ta_dashboard.pom.GeneralPage.<init>(GeneralPage.java:47)
at com.logigear.test.ta_dashboard.pom.PanelPage.<init>(PanelPage.java:20)
at com.logigear.test.ta_dashboard.pom.GeneralPage.<init>(GeneralPage.java:47)
at com.logigear.test.ta_dashboard.pom.PanelPage.<init>(PanelPage.java:20)
at com.logigear.test.ta_dashboard.pom.GeneralPage.<init>(GeneralPage.java:47)
at com.logigear.test.ta_dashboard.pom.PanelPage.<init>(PanelPage.java:20)
at com.logigear.test.ta_dashboard.pom.GeneralPage.<init>(GeneralPage.java:47)
at com.logigear.test.ta_dashboard.pom.PanelPage.<init>(PanelPage.java:20)
at com.logigear.test.ta_dashboard.pom.GeneralPage.<init>(GeneralPage.java:47)
at com.logigear.test.ta_dashboard.pom.PanelPage.<init>(PanelPage.java:20)
at com.logigear.test.ta_dashboard.pom.GeneralPage.<init>(GeneralPage.java:47)
at com.logigear.test.ta_dashboard.pom.PanelPage.<init>(PanelPage.java:20)
at com.logigear.test.ta_dashboard.pom.GeneralPage.<init>(GeneralPage.java:47)
at com.logigear.test.ta_dashboard.pom.PanelPage.<init>(PanelPage.java:20)
at com.logigear.test.ta_dashboard.pom.GeneralPage.<init>(GeneralPage.java:47)
at com.logigear.test.ta_dashboard.pom.PanelPage.<init>(PanelPage.java:20)
at com.logigear.test.ta_dashboard.pom.GeneralPage.<init>(GeneralPage.java:47)
at com.logigear.test.ta_dashboard.pom.PanelPage.<init>(PanelPage.java:20)
at com.logigear.test.ta_dashboard.pom.GeneralPage.<init>(GeneralPage.java:47)
at com.logigear.test.ta_dashboard.pom.PanelPage.<init>(PanelPage.java:20)
at com.logigear.test.ta_dashboard.pom.GeneralPage.<init>(GeneralPage.java:47)
at com.logigear.test.ta_dashboard.pom.PanelPage.<init>(PanelPage.java:20)
at com.logigear.test.ta_dashboard.pom.GeneralPage.<init>(GeneralPage.java:47)
at com.logigear.test.ta_dashboard.pom.PanelPage.<init>(PanelPage.java:20)
at com.logigear.test.ta_dashboard.pom.GeneralPage.<init>(GeneralPage.java:47)
at com.logigear.test.ta_dashboard.pom.PanelPage.<init>(PanelPage.java:20)
at com.logigear.test.ta_dashboard.pom.GeneralPage.<init>(GeneralPage.java:47)
at com.logigear.test.ta_dashboard.pom.PanelPage.<init>(PanelPage.java:20)
at com.logigear.test.ta_dashboard.pom.GeneralPage.<init>(GeneralPage.java:47)
at com.logigear.test.ta_dashboard.pom.PanelPage.<init>(PanelPage.java:20)
at com.logigear.test.ta_dashboard.pom.GeneralPage.<init>(GeneralPage.java:47)
at com.logigear.test.ta_dashboard.pom.PanelPage.<init>(PanelPage.java:20)
at com.logigear.test.ta_dashboard.pom.GeneralPage.<init>(GeneralPage.java:47)
at com.logigear.test.ta_dashboard.pom.PanelPage.<init>(PanelPage.java:20)
at com.logigear.test.ta_dashboard.pom.GeneralPage.<init>(GeneralPage.java:47)
at com.logigear.test.ta_dashboard.pom.PanelPage.<init>(PanelPage.java:20)
at com.logigear.test.ta_dashboard.pom.GeneralPage.<init>(GeneralPage.java:47)
at com.logigear.test.ta_dashboard.pom.PanelPage.<init>(PanelPage.java:20)
at com.logigear.test.ta_dashboard.pom.GeneralPage.<init>(GeneralPage.java:47)
at com.logigear.test.ta_dashboard.pom.PanelPage.<init>(PanelPage.java:20)
at com.logigear.test.ta_dashboard.pom.GeneralPage.<init>(GeneralPage.java:47)
at com.logigear.test.ta_dashboard.pom.PanelPage.<init>(PanelPage.java:20)
at com.logigear.test.ta_dashboard.pom.GeneralPage.<init>(GeneralPage.java:47)
at com.logigear.test.ta_dashboard.pom.PanelPage.<init>(PanelPage.java:20)
at com.logigear.test.ta_dashboard.pom.GeneralPage.<init>(GeneralPage.java:47)
at com.logigear.test.ta_dashboard.pom.PanelPage.<init>(PanelPage.java:20)
at com.logigear.test.ta_dashboard.pom.GeneralPage.<init>(GeneralPage.java:47)
at com.logigear.test.ta_dashboard.pom.PanelPage.<init>(PanelPage.java:20)
at com.logigear.test.ta_dashboard.pom.GeneralPage.<init>(GeneralPage.java:47)
at com.logigear.test.ta_dashboard.pom.PanelPage.<init>(PanelPage.java:20)
at com.logigear.test.ta_dashboard.pom.GeneralPage.<init>(GeneralPage.java:47)
at com.logigear.test.ta_dashboard.pom.PanelPage.<init>(PanelPage.java:20)
at com.logigear.test.ta_dashboard.pom.GeneralPage.<init>(GeneralPage.java:47)
at com.logigear.test.ta_dashboard.pom.PanelPage.<init>(PanelPage.java:20)
at com.logigear.test.ta_dashboard.pom.GeneralPage.<init>(GeneralPage.java:47)
at com.logigear.test.ta_dashboard.pom.PanelPage.<init>(PanelPage.java:20)
at com.logigear.test.ta_dashboard.pom.GeneralPage.<init>(GeneralPage.java:47)
at com.logigear.test.ta_dashboard.pom.PanelPage.<init>(PanelPage.java:20)
at com.logigear.test.ta_dashboard.pom.GeneralPage.<init>(GeneralPage.java:47)
at com.logigear.test.ta_dashboard.pom.PanelPage.<init>(PanelPage.java:20)
at com.logigear.test.ta_dashboard.pom.GeneralPage.<init>(GeneralPage.java:47)
at com.logigear.test.ta_dashboard.pom.PanelPage.<init>(PanelPage.java:20)
at com.logigear.test.ta_dashboard.pom.GeneralPage.<init>(GeneralPage.java:47)
at com.logigear.test.ta_dashboard.pom.PanelPage.<init>(PanelPage.java:20)
at com.logigear.test.ta_dashboard.pom.GeneralPage.<init>(GeneralPage.java:47)
at com.logigear.test.ta_dashboard.pom.PanelPage.<init>(PanelPage.java:20)
at com.logigear.test.ta_dashboard.pom.GeneralPage.<init>(GeneralPage.java:47)
at com.logigear.test.ta_dashboard.pom.PanelPage.<init>(PanelPage.java:20)
at com.logigear.test.ta_dashboard.pom.GeneralPage.<init>(GeneralPage.java:47)
at com.logigear.test.ta_dashboard.pom.PanelPage.<init>(PanelPage.java:20)
at com.logigear.test.ta_dashboard.pom.GeneralPage.<init>(GeneralPage.java:47)
at com.logigear.test.ta_dashboard.pom.PanelPage.<init>(PanelPage.java:20)
at com.logigear.test.ta_dashboard.pom.GeneralPage.<init>(GeneralPage.java:47)
at com.logigear.test.ta_dashboard.pom.PanelPage.<init>(PanelPage.java:20)
at com.logigear.test.ta_dashboard.pom.GeneralPage.<init>(GeneralPage.java:47)
at com.logigear.test.ta_dashboard.pom.PanelPage.<init>(PanelPage.java:20)
at com.logigear.test.ta_dashboard.pom.GeneralPage.<init>(GeneralPage.java:47)
at com.logigear.test.ta_dashboard.pom.PanelPage.<init>(PanelPage.java:20)
at com.logigear.test.ta_dashboard.pom.GeneralPage.<init>(GeneralPage.java:47)
at com.logigear.test.ta_dashboard.pom.PanelPage.<init>(PanelPage.java:20)
at com.logigear.test.ta_dashboard.pom.GeneralPage.<init>(GeneralPage.java:47)
at com.logigear.test.ta_dashboard.pom.PanelPage.<init>(PanelPage.java:20)
at com.logigear.test.ta_dashboard.pom.GeneralPage.<init>(GeneralPage.java:47)
at com.logigear.test.ta_dashboard.pom.PanelPage.<init>(PanelPage.java:20)
at com.logigear.test.ta_dashboard.pom.GeneralPage.<init>(GeneralPage.java:47)
at com.logigear.test.ta_dashboard.pom.PanelPage.<init>(PanelPage.java:20)
at com.logigear.test.ta_dashboard.pom.GeneralPage.<init>(GeneralPage.java:47)
at com.logigear.test.ta_dashboard.pom.PanelPage.<init>(PanelPage.java:20)
at com.logigear.test.ta_dashboard.pom.GeneralPage.<init>(GeneralPage.java:47)
at com.logigear.test.ta_dashboard.pom.PanelPage.<init>(PanelPage.java:20)
at com.logigear.test.ta_dashboard.pom.GeneralPage.<init>(GeneralPage.java:47)
at com.logigear.test.ta_dashboard.pom.PanelPage.<init>(PanelPage.java:20)
at com.logigear.test.ta_dashboard.pom.GeneralPage.<init>(GeneralPage.java:47)
at com.logigear.test.ta_dashboard.pom.PanelPage.<init>(PanelPage.java:20)
at com.logigear.test.ta_dashboard.pom.GeneralPage.<init>(GeneralPage.java:47)
at com.logigear.test.ta_dashboard.pom.PanelPage.<init>(PanelPage.java:20)
at com.logigear.test.ta_dashboard.pom.GeneralPage.<init>(GeneralPage.java:47)
at com.logigear.test.ta_dashboard.pom.PanelPage.<init>(PanelPage.java:20)
at com.logigear.test.ta_dashboard.pom.GeneralPage.<init>(GeneralPage.java:47)
at com.logigear.test.ta_dashboard.pom.PanelPage.<init>(PanelPage.java:20)
at com.logigear.test.ta_dashboard.pom.GeneralPage.<init>(GeneralPage.java:47)
at com.logigear.test.ta_dashboard.pom.PanelPage.<init>(PanelPage.java:20)
at com.logigear.test.ta_dashboard.pom.GeneralPage.<init>(GeneralPage.java:47)
at com.logigear.test.ta_dashboard.pom.PanelPage.<init>(PanelPage.java:20)
at com.logigear.test.ta_dashboard.pom.GeneralPage.<init>(GeneralPage.java:47)
at com.logigear.test.ta_dashboard.pom.PanelPage.<init>(PanelPage.java:20)
at com.logigear.test.ta_dashboard.pom.GeneralPage.<init>(GeneralPage.java:47)
at com.logigear.test.ta_dashboard.pom.PanelPage.<init>(PanelPage.java:20)
at com.logigear.test.ta_dashboard.pom.GeneralPage.<init>(GeneralPage.java:47)
at com.logigear.test.ta_dashboard.pom.PanelPage.<init>(PanelPage.java:20)
at com.logigear.test.ta_dashboard.pom.GeneralPage.<init>(GeneralPage.java:47)
at com.logigear.test.ta_dashboard.pom.PanelPage.<init>(PanelPage.java:20)
at com.logigear.test.ta_dashboard.pom.GeneralPage.<init>(GeneralPage.java:47)
at com.logigear.test.ta_dashboard.pom.PanelPage.<init>(PanelPage.java:20)
at com.logigear.test.ta_dashboard.pom.GeneralPage.<init>(GeneralPage.java:47)
at com.logigear.test.ta_dashboard.pom.PanelPage.<init>(PanelPage.java:20)
at com.logigear.test.ta_dashboard.pom.GeneralPage.<init>(GeneralPage.java:47)
at com.logigear.test.ta_dashboard.pom.PanelPage.<init>(PanelPage.java:20)
at com.logigear.test.ta_dashboard.pom.GeneralPage.<init>(GeneralPage.java:47)
at com.logigear.test.ta_dashboard.pom.PanelPage.<init>(PanelPage.java:20)
at com.logigear.test.ta_dashboard.pom.GeneralPage.<init>(GeneralPage.java:47)
at com.logigear.test.ta_dashboard.pom.PanelPage.<init>(PanelPage.java:20)
at com.logigear.test.ta_dashboard.pom.GeneralPage.<init>(GeneralPage.java:47)
at com.logigear.test.ta_dashboard.pom.PanelPage.<init>(PanelPage.java:20)
at com.logigear.test.ta_dashboard.pom.GeneralPage.<init>(GeneralPage.java:47)
at com.logigear.test.ta_dashboard.pom.PanelPage.<init>(PanelPage.java:20)
at com.logigear.test.ta_dashboard.pom.GeneralPage.<init>(GeneralPage.java:47)
at com.logigear.test.ta_dashboard.pom.PanelPage.<init>(PanelPage.java:20)
at com.logigear.test.ta_dashboard.pom.GeneralPage.<init>(GeneralPage.java:47)
at com.logigear.test.ta_dashboard.pom.PanelPage.<init>(PanelPage.java:20)
at com.logigear.test.ta_dashboard.pom.GeneralPage.<init>(GeneralPage.java:47)
at com.logigear.test.ta_dashboard.pom.PanelPage.<init>(PanelPage.java:20)
at com.logigear.test.ta_dashboard.pom.GeneralPage.<init>(GeneralPage.java:47)
at com.logigear.test.ta_dashboard.pom.PanelPage.<init>(PanelPage.java:20)
at com.logigear.test.ta_dashboard.pom.GeneralPage.<init>(GeneralPage.java:47)
at com.logigear.test.ta_dashboard.pom.PanelPage.<init>(PanelPage.java:20)
at com.logigear.test.ta_dashboard.pom.GeneralPage.<init>(GeneralPage.java:47)
at com.logigear.test.ta_dashboard.pom.PanelPage.<init>(PanelPage.java:20)
at com.logigear.test.ta_dashboard.pom.GeneralPage.<init>(GeneralPage.java:47)
at com.logigear.test.ta_dashboard.pom.PanelPage.<init>(PanelPage.java:20)
at com.logigear.test.ta_dashboard.pom.GeneralPage.<init>(GeneralPage.java:47)
at com.logigear.test.ta_dashboard.pom.PanelPage.<init>(PanelPage.java:20)
at com.logigear.test.ta_dashboard.pom.GeneralPage.<init>(GeneralPage.java:47)
at com.logigear.test.ta_dashboard.pom.PanelPage.<init>(PanelPage.java:20)
at com.logigear.test.ta_dashboard.pom.GeneralPage.<init>(GeneralPage.java:47)
at com.logigear.test.ta_dashboard.pom.PanelPage.<init>(PanelPage.java:20)
at com.logigear.test.ta_dashboard.pom.GeneralPage.<init>(GeneralPage.java:47)
at com.logigear.test.ta_dashboard.pom.PanelPage.<init>(PanelPage.java:20)
at com.logigear.test.ta_dashboard.pom.GeneralPage.<init>(GeneralPage.java:47)
at com.logigear.test.ta_dashboard.pom.PanelPage.<init>(PanelPage.java:20)
at com.logigear.test.ta_dashboard.pom.GeneralPage.<init>(GeneralPage.java:47)
at com.logigear.test.ta_dashboard.pom.PanelPage.<init>(PanelPage.java:20)
at com.logigear.test.ta_dashboard.pom.GeneralPage.<init>(GeneralPage.java:47)
at com.logigear.test.ta_dashboard.pom.PanelPage.<init>(PanelPage.java:20)
at com.logigear.test.ta_dashboard.pom.GeneralPage.<init>(GeneralPage.java:47)
at com.logigear.test.ta_dashboard.pom.PanelPage.<init>(PanelPage.java:20)
at com.logigear.test.ta_dashboard.pom.GeneralPage.<init>(GeneralPage.java:47)
at com.logigear.test.ta_dashboard.pom.PanelPage.<init>(PanelPage.java:20)
at com.logigear.test.ta_dashboard.pom.GeneralPage.<init>(GeneralPage.java:47)
at com.logigear.test.ta_dashboard.pom.PanelPage.<init>(PanelPage.java:20)
at com.logigear.test.ta_dashboard.pom.GeneralPage.<init>(GeneralPage.java:47)
at com.logigear.test.ta_dashboard.pom.PanelPage.<init>(PanelPage.java:20)
at com.logigear.test.ta_dashboard.pom.GeneralPage.<init>(GeneralPage.java:47)
at com.logigear.test.ta_dashboard.pom.PanelPage.<init>(PanelPage.java:20)
at com.logigear.test.ta_dashboard.pom.GeneralPage.<init>(GeneralPage.java:47)
at com.logigear.test.ta_dashboard.pom.PanelPage.<init>(PanelPage.java:20)
at com.logigear.test.ta_dashboard.pom.GeneralPage.<init>(GeneralPage.java:47)
at com.logigear.test.ta_dashboard.pom.PanelPage.<init>(PanelPage.java:20)
at com.logigear.test.ta_dashboard.pom.GeneralPage.<init>(GeneralPage.java:47)
at com.logigear.test.ta_dashboard.pom.PanelPage.<init>(PanelPage.java:20)
at com.logigear.test.ta_dashboard.pom.GeneralPage.<init>(GeneralPage.java:47)
at com.logigear.test.ta_dashboard.pom.PanelPage.<init>(PanelPage.java:20)
at com.logigear.test.ta_dashboard.pom.GeneralPage.<init>(GeneralPage.java:47)
at com.logigear.test.ta_dashboard.pom.PanelPage.<init>(PanelPage.java:20)
at com.logigear.test.ta_dashboard.pom.GeneralPage.<init>(GeneralPage.java:47)
at com.logigear.test.ta_dashboard.pom.PanelPage.<init>(PanelPage.java:20)
at com.logigear.test.ta_dashboard.pom.GeneralPage.<init>(GeneralPage.java:47)
at com.logigear.test.ta_dashboard.pom.PanelPage.<init>(PanelPage.java:20)
at com.logigear.test.ta_dashboard.pom.GeneralPage.<init>(GeneralPage.java:47)
at com.logigear.test.ta_dashboard.pom.PanelPage.<init>(PanelPage.java:20)
at com.logigear.test.ta_dashboard.pom.GeneralPage.<init>(GeneralPage.java:47)
at com.logigear.test.ta_dashboard.pom.PanelPage.<init>(PanelPage.java:20)
at com.logigear.test.ta_dashboard.pom.GeneralPage.<init>(GeneralPage.java:47)
at com.logigear.test.ta_dashboard.pom.PanelPage.<init>(PanelPage.java:20)
at com.logigear.test.ta_dashboard.pom.GeneralPage.<init>(GeneralPage.java:47)
at com.logigear.test.ta_dashboard.pom.PanelPage.<init>(PanelPage.java:20)
at com.logigear.test.ta_dashboard.pom.GeneralPage.<init>(GeneralPage.java:47)
at com.logigear.test.ta_dashboard.pom.PanelPage.<init>(PanelPage.java:20)
at com.logigear.test.ta_dashboard.pom.GeneralPage.<init>(GeneralPage.java:47)
at com.logigear.test.ta_dashboard.pom.PanelPage.<init>(PanelPage.java:20)
at com.logigear.test.ta_dashboard.pom.GeneralPage.<init>(GeneralPage.java:47)
at com.logigear.test.ta_dashboard.pom.PanelPage.<init>(PanelPage.java:20)
at com.logigear.test.ta_dashboard.pom.GeneralPage.<init>(GeneralPage.java:47)
at com.logigear.test.ta_dashboard.pom.PanelPage.<init>(PanelPage.java:20)
at com.logigear.test.ta_dashboard.pom.GeneralPage.<init>(GeneralPage.java:47)
at com.logigear.test.ta_dashboard.pom.PanelPage.<init>(PanelPage.java:20)
at com.logigear.test.ta_dashboard.pom.GeneralPage.<init>(GeneralPage.java:47)
at com.logigear.test.ta_dashboard.pom.PanelPage.<init>(PanelPage.java:20)
at com.logigear.test.ta_dashboard.pom.GeneralPage.<init>(GeneralPage.java:47)
at com.logigear.test.ta_dashboard.pom.PanelPage.<init>(PanelPage.java:20)
at com.logigear.test.ta_dashboard.pom.GeneralPage.<init>(GeneralPage.java:47)
at com.logigear.test.ta_dashboard.pom.PanelPage.<init>(PanelPage.java:20)
at com.logigear.test.ta_dashboard.pom.GeneralPage.<init>(GeneralPage.java:47)
at com.logigear.test.ta_dashboard.pom.PanelPage.<init>(PanelPage.java:20)
at com.logigear.test.ta_dashboard.pom.GeneralPage.<init>(GeneralPage.java:47)
at com.logigear.test.ta_dashboard.pom.PanelPage.<init>(PanelPage.java:20)
at com.logigear.test.ta_dashboard.pom.GeneralPage.<init>(GeneralPage.java:47)
at com.logigear.test.ta_dashboard.pom.PanelPage.<init>(PanelPage.java:20)
at com.logigear.test.ta_dashboard.pom.GeneralPage.<init>(GeneralPage.java:47)
at com.logigear.test.ta_dashboard.pom.PanelPage.<init>(PanelPage.java:20)
at com.logigear.test.ta_dashboard.pom.GeneralPage.<init>(GeneralPage.java:47)
at com.logigear.test.ta_dashboard.pom.PanelPage.<init>(PanelPage.java:20)
at com.logigear.test.ta_dashboard.pom.GeneralPage.<init>(GeneralPage.java:47)
at com.logigear.test.ta_dashboard.pom.PanelPage.<init>(PanelPage.java:20)
at com.logigear.test.ta_dashboard.pom.GeneralPage.<init>(GeneralPage.java:47)
at com.logigear.test.ta_dashboard.pom.PanelPage.<init>(PanelPage.java:20)
at com.logigear.test.ta_dashboard.pom.GeneralPage.<init>(GeneralPage.java:47)
at com.logigear.test.ta_dashboard.pom.PanelPage.<init>(PanelPage.java:20)
at com.logigear.test.ta_dashboard.pom.GeneralPage.<init>(GeneralPage.java:47)
at com.logigear.test.ta_dashboard.pom.PanelPage.<init>(PanelPage.java:20)
at com.logigear.test.ta_dashboard.pom.GeneralPage.<init>(GeneralPage.java:47)
at com.logigear.test.ta_dashboard.pom.PanelPage.<init>(PanelPage.java:20)
at com.logigear.test.ta_dashboard.pom.GeneralPage.<init>(GeneralPage.java:47)
at com.logigear.test.ta_dashboard.pom.PanelPage.<init>(PanelPage.java:20)
at com.logigear.test.ta_dashboard.pom.GeneralPage.<init>(GeneralPage.java:47)
at com.logigear.test.ta_dashboard.pom.PanelPage.<init>(PanelPage.java:20)
at com.logigear.test.ta_dashboard.pom.GeneralPage.<init>(GeneralPage.java:47)
at com.logigear.test.ta_dashboard.pom.PanelPage.<init>(PanelPage.java:20)
at com.logigear.test.ta_dashboard.pom.GeneralPage.<init>(GeneralPage.java:47)
at com.logigear.test.ta_dashboard.pom.PanelPage.<init>(PanelPage.java:20)
at com.logigear.test.ta_dashboard.pom.GeneralPage.<init>(GeneralPage.java:47)
at com.logigear.test.ta_dashboard.pom.PanelPage.<init>(PanelPage.java:20)
at com.logigear.test.ta_dashboard.pom.GeneralPage.<init>(GeneralPage.java:47)
at com.logigear.test.ta_dashboard.pom.PanelPage.<init>(PanelPage.java:20)
at com.logigear.test.ta_dashboard.pom.GeneralPage.<init>(GeneralPage.java:47)
at com.logigear.test.ta_dashboard.pom.PanelPage.<init>(PanelPage.java:20)
at com.logigear.test.ta_dashboard.pom.GeneralPage.<init>(GeneralPage.java:47)
at com.logigear.test.ta_dashboard.pom.PanelPage.<init>(PanelPage.java:20)
at com.logigear.test.ta_dashboard.pom.GeneralPage.<init>(GeneralPage.java:47)
at com.logigear.test.ta_dashboard.pom.PanelPage.<init>(PanelPage.java:20)
at com.logigear.test.ta_dashboard.pom.GeneralPage.<init>(GeneralPage.java:47)
at com.logigear.test.ta_dashboard.pom.PanelPage.<init>(PanelPage.java:20)
at com.logigear.test.ta_dashboard.pom.GeneralPage.<init>(GeneralPage.java:47)
at com.logigear.test.ta_dashboard.pom.PanelPage.<init>(PanelPage.java:20)
at com.logigear.test.ta_dashboard.pom.GeneralPage.<init>(GeneralPage.java:47)
at com.logigear.test.ta_dashboard.pom.PanelPage.<init>(PanelPage.java:20)
at com.logigear.test.ta_dashboard.pom.GeneralPage.<init>(GeneralPage.java:47)
at com.logigear.test.ta_dashboard.pom.PanelPage.<init>(PanelPage.java:20)
at com.logigear.test.ta_dashboard.pom.GeneralPage.<init>(GeneralPage.java:47)
at com.logigear.test.ta_dashboard.pom.PanelPage.<init>(PanelPage.java:20)
at com.logigear.test.ta_dashboard.pom.GeneralPage.<init>(GeneralPage.java:47)
at com.logigear.test.ta_dashboard.pom.PanelPage.<init>(PanelPage.java:20)
at com.logigear.test.ta_dashboard.pom.GeneralPage.<init>(GeneralPage.java:47)
at com.logigear.test.ta_dashboard.pom.PanelPage.<init>(PanelPage.java:20)
at com.logigear.test.ta_dashboard.pom.GeneralPage.<init>(GeneralPage.java:47)
at com.logigear.test.ta_dashboard.pom.PanelPage.<init>(PanelPage.java:20)
at com.logigear.test.ta_dashboard.pom.GeneralPage.<init>(GeneralPage.java:47)
at com.logigear.test.ta_dashboard.pom.PanelPage.<init>(PanelPage.java:20)
at com.logigear.test.ta_dashboard.pom.GeneralPage.<init>(GeneralPage.java:47)
at com.logigear.test.ta_dashboard.pom.PanelPage.<init>(PanelPage.java:20)
at com.logigear.test.ta_dashboard.pom.GeneralPage.<init>(GeneralPage.java:47)
at com.logigear.test.ta_dashboard.pom.PanelPage.<init>(PanelPage.java:20)
at com.logigear.test.ta_dashboard.pom.GeneralPage.<init>(GeneralPage.java:47)
at com.logigear.test.ta_dashboard.pom.PanelPage.<init>(PanelPage.java:20)
at com.logigear.test.ta_dashboard.pom.GeneralPage.<init>(GeneralPage.java:47)
at com.logigear.test.ta_dashboard.pom.PanelPage.<init>(PanelPage.java:20)
at com.logigear.test.ta_dashboard.pom.GeneralPage.<init>(GeneralPage.java:47)
at com.logigear.test.ta_dashboard.pom.PanelPage.<init>(PanelPage.java:20)
at com.logigear.test.ta_dashboard.pom.GeneralPage.<init>(GeneralPage.java:47)
at com.logigear.test.ta_dashboard.pom.PanelPage.<init>(PanelPage.java:20)
at com.logigear.test.ta_dashboard.pom.GeneralPage.<init>(GeneralPage.java:47)
at com.logigear.test.ta_dashboard.pom.PanelPage.<init>(PanelPage.java:20)
at com.logigear.test.ta_dashboard.pom.GeneralPage.<init>(GeneralPage.java:47)
at com.logigear.test.ta_dashboard.pom.PanelPage.<init>(PanelPage.java:20)
at com.logigear.test.ta_dashboard.pom.GeneralPage.<init>(GeneralPage.java:47)
at com.logigear.test.ta_dashboard.pom.PanelPage.<init>(PanelPage.java:20)
at com.logigear.test.ta_dashboard.pom.GeneralPage.<init>(GeneralPage.java:47)
at com.logigear.test.ta_dashboard.pom.PanelPage.<init>(PanelPage.java:20)
at com.logigear.test.ta_dashboard.pom.GeneralPage.<init>(GeneralPage.java:47)
at com.logigear.test.ta_dashboard.pom.PanelPage.<init>(PanelPage.java:20)
at com.logigear.test.ta_dashboard.pom.GeneralPage.<init>(GeneralPage.java:47)
at com.logigear.test.ta_dashboard.pom.PanelPage.<init>(PanelPage.java:20)
at com.logigear.test.ta_dashboard.pom.GeneralPage.<init>(GeneralPage.java:47)
at com.logigear.test.ta_dashboard.pom.PanelPage.<init>(PanelPage.java:20)
at com.logigear.test.ta_dashboard.pom.GeneralPage.<init>(GeneralPage.java:47)
at com.logigear.test.ta_dashboard.pom.PanelPage.<init>(PanelPage.java:20)
at com.logigear.test.ta_dashboard.pom.GeneralPage.<init>(GeneralPage.java:47)
at com.logigear.test.ta_dashboard.pom.PanelPage.<init>(PanelPage.java:20)
at com.logigear.test.ta_dashboard.pom.GeneralPage.<init>(GeneralPage.java:47)
at com.logigear.test.ta_dashboard.pom.PanelPage.<init>(PanelPage.java:20)
at com.logigear.test.ta_dashboard.pom.GeneralPage.<init>(GeneralPage.java:47)
at com.logigear.test.ta_dashboard.pom.PanelPage.<init>(PanelPage.java:20)
at com.logigear.test.ta_dashboard.pom.GeneralPage.<init>(GeneralPage.java:47)
at com.logigear.test.ta_dashboard.pom.PanelPage.<init>(PanelPage.java:20)
at com.logigear.test.ta_dashboard.pom.GeneralPage.<init>(GeneralPage.java:47)
at com.logigear.test.ta_dashboard.pom.PanelPage.<init>(PanelPage.java:20)
at com.logigear.test.ta_dashboard.pom.GeneralPage.<init>(GeneralPage.java:47)
at com.logigear.test.ta_dashboard.pom.PanelPage.<init>(PanelPage.java:20)
at com.logigear.test.ta_dashboard.pom.GeneralPage.<init>(GeneralPage.java:47)
at com.logigear.test.ta_dashboard.pom.PanelPage.<init>(PanelPage.java:20)
at com.logigear.test.ta_dashboard.pom.GeneralPage.<init>(GeneralPage.java:47)
at com.logigear.test.ta_dashboard.pom.PanelPage.<init>(PanelPage.java:20)
at com.logigear.test.ta_dashboard.pom.GeneralPage.<init>(GeneralPage.java:47)
at com.logigear.test.ta_dashboard.pom.PanelPage.<init>(PanelPage.java:20)
at com.logigear.test.ta_dashboard.pom.GeneralPage.<init>(GeneralPage.java:47)
at com.logigear.test.ta_dashboard.pom.PanelPage.<init>(PanelPage.java:20)
at com.logigear.test.ta_dashboard.pom.GeneralPage.<init>(GeneralPage.java:47)
at com.logigear.test.ta_dashboard.pom.PanelPage.<init>(PanelPage.java:20)
at com.logigear.test.ta_dashboard.pom.GeneralPage.<init>(GeneralPage.java:47)
at com.logigear.test.ta_dashboard.pom.PanelPage.<init>(PanelPage.java:20)
at com.logigear.test.ta_dashboard.pom.GeneralPage.<init>(GeneralPage.java:47)
at com.logigear.test.ta_dashboard.pom.PanelPage.<init>(PanelPage.java:20)
at com.logigear.test.ta_dashboard.pom.GeneralPage.<init>(GeneralPage.java:47)
at com.logigear.test.ta_dashboard.pom.PanelPage.<init>(PanelPage.java:20)
at com.logigear.test.ta_dashboard.pom.GeneralPage.<init>(GeneralPage.java:47)
at com.logigear.test.ta_dashboard.pom.PanelPage.<init>(PanelPage.java:20)
at com.logigear.test.ta_dashboard.pom.GeneralPage.<init>(GeneralPage.java:47)
at com.logigear.test.ta_dashboard.pom.PanelPage.<init>(PanelPage.java:20)
at com.logigear.test.ta_dashboard.pom.GeneralPage.<init>(GeneralPage.java:47)
at com.logigear.test.ta_dashboard.pom.PanelPage.<init>(PanelPage.java:20)
at com.logigear.test.ta_dashboard.pom.GeneralPage.<init>(GeneralPage.java:47)
at com.logigear.test.ta_dashboard.pom.PanelPage.<init>(PanelPage.java:20)
at com.logigear.test.ta_dashboard.pom.GeneralPage.<init>(GeneralPage.java:47)
at com.logigear.test.ta_dashboard.pom.PanelPage.<init>(PanelPage.java:20)
at com.logigear.test.ta_dashboard.pom.GeneralPage.<init>(GeneralPage.java:47)
at com.logigear.test.ta_dashboard.pom.PanelPage.<init>(PanelPage.java:20)
at com.logigear.test.ta_dashboard.pom.GeneralPage.<init>(GeneralPage.java:47)
at com.logigear.test.ta_dashboard.pom.PanelPage.<init>(PanelPage.java:20)
at com.logigear.test.ta_dashboard.pom.GeneralPage.<init>(GeneralPage.java:47)
at com.logigear.test.ta_dashboard.pom.PanelPage.<init>(PanelPage.java:20)
at com.logigear.test.ta_dashboard.pom.GeneralPage.<init>(GeneralPage.java:47)
at com.logigear.test.ta_dashboard.pom.PanelPage.<init>(PanelPage.java:20)
at com.logigear.test.ta_dashboard.pom.GeneralPage.<init>(GeneralPage.java:47)
at com.logigear.test.ta_dashboard.pom.PanelPage.<init>(PanelPage.java:20)
at com.logigear.test.ta_dashboard.pom.GeneralPage.<init>(GeneralPage.java:47)
at com.logigear.test.ta_dashboard.pom.PanelPage.<init>(PanelPage.java:20)
at com.logigear.test.ta_dashboard.pom.GeneralPage.<init>(GeneralPage.java:47)
at com.logigear.test.ta_dashboard.pom.PanelPage.<init>(PanelPage.java:20)
at com.logigear.test.ta_dashboard.pom.GeneralPage.<init>(GeneralPage.java:47)
at com.logigear.test.ta_dashboard.pom.PanelPage.<init>(PanelPage.java:20)
at com.logigear.test.ta_dashboard.pom.GeneralPage.<init>(GeneralPage.java:47)
at com.logigear.test.ta_dashboard.pom.PanelPage.<init>(PanelPage.java:20)
at com.logigear.test.ta_dashboard.pom.GeneralPage.<init>(GeneralPage.java:47)
at com.logigear.test.ta_dashboard.pom.PanelPage.<init>(PanelPage.java:20)
at com.logigear.test.ta_dashboard.pom.GeneralPage.<init>(GeneralPage.java:47)
at com.logigear.test.ta_dashboard.pom.PanelPage.<init>(PanelPage.java:20)
at com.logigear.test.ta_dashboard.pom.GeneralPage.<init>(GeneralPage.java:47)
at com.logigear.test.ta_dashboard.pom.PanelPage.<init>(PanelPage.java:20)
at com.logigear.test.ta_dashboard.pom.GeneralPage.<init>(GeneralPage.java:47)
at com.logigear.test.ta_dashboard.pom.PanelPage.<init>(PanelPage.java:20)
at com.logigear.test.ta_dashboard.pom.GeneralPage.<init>(GeneralPage.java:47)
at com.logigear.test.ta_dashboard.pom.PanelPage.<init>(PanelPage.java:20)
at com.logigear.test.ta_dashboard.pom.GeneralPage.<init>(GeneralPage.java:47)
at com.logigear.test.ta_dashboard.pom.PanelPage.<init>(PanelPage.java:20)
at com.logigear.test.ta_dashboard.pom.GeneralPage.<init>(GeneralPage.java:47)
at com.logigear.test.ta_dashboard.pom.PanelPage.<init>(PanelPage.java:20)
at com.logigear.test.ta_dashboard.pom.GeneralPage.<init>(GeneralPage.java:47)
at com.logigear.test.ta_dashboard.pom.PanelPage.<init>(PanelPage.java:20)
at com.logigear.test.ta_dashboard.pom.GeneralPage.<init>(GeneralPage.java:47)
at com.logigear.test.ta_dashboard.pom.PanelPage.<init>(PanelPage.java:20)
at com.logigear.test.ta_dashboard.pom.GeneralPage.<init>(GeneralPage.java:47)
at com.logigear.test.ta_dashboard.pom.PanelPage.<init>(PanelPage.java:20)
at com.logigear.test.ta_dashboard.pom.GeneralPage.<init>(GeneralPage.java:47)
at com.logigear.test.ta_dashboard.pom.PanelPage.<init>(PanelPage.java:20)
at com.logigear.test.ta_dashboard.pom.GeneralPage.<init>(GeneralPage.java:47)
at com.logigear.test.ta_dashboard.pom.PanelPage.<init>(PanelPage.java:20)
at com.logigear.test.ta_dashboard.pom.GeneralPage.<init>(GeneralPage.java:47)
at com.logigear.test.ta_dashboard.pom.PanelPage.<init>(PanelPage.java:20)
at com.logigear.test.ta_dashboard.pom.GeneralPage.<init>(GeneralPage.java:47)
at com.logigear.test.ta_dashboard.pom.PanelPage.<init>(PanelPage.java:20)
at com.logigear.test.ta_dashboard.pom.GeneralPage.<init>(GeneralPage.java:47)
at com.logigear.test.ta_dashboard.pom.PanelPage.<init>(PanelPage.java:20)
at com.logigear.test.ta_dashboard.pom.GeneralPage.<init>(GeneralPage.java:47)
at com.logigear.test.ta_dashboard.pom.PanelPage.<init>(PanelPage.java:20)
at com.logigear.test.ta_dashboard.pom.GeneralPage.<init>(GeneralPage.java:47)
at com.logigear.test.ta_dashboard.pom.PanelPage.<init>(PanelPage.java:20)
at com.logigear.test.ta_dashboard.pom.GeneralPage.<init>(GeneralPage.java:47)
at com.logigear.test.ta_dashboard.pom.PanelPage.<init>(PanelPage.java:20)
at com.logigear.test.ta_dashboard.pom.GeneralPage.<init>(GeneralPage.java:47)
at com.logigear.test.ta_dashboard.pom.PanelPage.<init>(PanelPage.java:20)
at com.logigear.test.ta_dashboard.pom.GeneralPage.<init>(GeneralPage.java:47)
at com.logigear.test.ta_dashboard.pom.PanelPage.<init>(PanelPage.java:20)
at com.logigear.test.ta_dashboard.pom.GeneralPage.<init>(GeneralPage.java:47)
at com.logigear.test.ta_dashboard.pom.PanelPage.<init>(PanelPage.java:20)
at com.logigear.test.ta_dashboard.pom.GeneralPage.<init>(GeneralPage.java:47)
at com.logigear.test.ta_dashboard.pom.PanelPage.<init>(PanelPage.java:20)
at com.logigear.test.ta_dashboard.pom.GeneralPage.<init>(GeneralPage.java:47)
at com.logigear.test.ta_dashboard.pom.PanelPage.<init>(PanelPage.java:20)
at com.logigear.test.ta_dashboard.pom.GeneralPage.<init>(GeneralPage.java:47)
at com.logigear.test.ta_dashboard.pom.PanelPage.<init>(PanelPage.java:20)
at com.logigear.test.ta_dashboard.pom.GeneralPage.<init>(GeneralPage.java:47)
at com.logigear.test.ta_dashboard.pom.PanelPage.<init>(PanelPage.java:20)
at com.logigear.test.ta_dashboard.pom.GeneralPage.<init>(GeneralPage.java:47)
at com.logigear.test.ta_dashboard.pom.PanelPage.<init>(PanelPage.java:20)
at com.logigear.test.ta_dashboard.pom.GeneralPage.<init>(GeneralPage.java:47)
at com.logigear.test.ta_dashboard.pom.PanelPage.<init>(PanelPage.java:20)
at com.logigear.test.ta_dashboard.pom.GeneralPage.<init>(GeneralPage.java:47)
at com.logigear.test.ta_dashboard.pom.PanelPage.<init>(PanelPage.java:20)
at com.logigear.test.ta_dashboard.pom.GeneralPage.<init>(GeneralPage.java:47)
at com.logigear.test.ta_dashboard.pom.PanelPage.<init>(PanelPage.java:20)
at com.logigear.test.ta_dashboard.pom.GeneralPage.<init>(GeneralPage.java:47)
at com.logigear.test.ta_dashboard.pom.PanelPage.<init>(PanelPage.java:20)
at com.logigear.test.ta_dashboard.pom.GeneralPage.<init>(GeneralPage.java:47)
at com.logigear.test.ta_dashboard.pom.PanelPage.<init>(PanelPage.java:20)
at com.logigear.test.ta_dashboard.pom.GeneralPage.<init>(GeneralPage.java:47)
at com.logigear.test.ta_dashboard.pom.PanelPage.<init>(PanelPage.java:20)
at com.logigear.test.ta_dashboard.pom.GeneralPage.<init>(GeneralPage.java:47)
at com.logigear.test.ta_dashboard.pom.PanelPage.<init>(PanelPage.java:20)
at com.logigear.test.ta_dashboard.pom.GeneralPage.<init>(GeneralPage.java:47)
at com.logigear.test.ta_dashboard.pom.PanelPage.<init>(PanelPage.java:20)
at com.logigear.test.ta_dashboard.pom.GeneralPage.<init>(GeneralPage.java:47)
at com.logigear.test.ta_dashboard.pom.PanelPage.<init>(PanelPage.java:20)
at com.logigear.test.ta_dashboard.pom.GeneralPage.<init>(GeneralPage.java:47)
at com.logigear.test.ta_dashboard.pom.PanelPage.<init>(PanelPage.java:20)
at com.logigear.test.ta_dashboard.pom.GeneralPage.<init>(GeneralPage.java:47)
at com.logigear.test.ta_dashboard.pom.PanelPage.<init>(PanelPage.java:20)
at com.logigear.test.ta_dashboard.pom.GeneralPage.<init>(GeneralPage.java:47)
at com.logigear.test.ta_dashboard.pom.PanelPage.<init>(PanelPage.java:20)
at com.logigear.test.ta_dashboard.pom.GeneralPage.<init>(GeneralPage.java:47)
at com.logigear.test.ta_dashboard.pom.PanelPage.<init>(PanelPage.java:20)
at com.logigear.test.ta_dashboard.pom.GeneralPage.<init>(GeneralPage.java:47)
at com.logigear.test.ta_dashboard.pom.PanelPage.<init>(PanelPage.java:20)
at com.logigear.test.ta_dashboard.pom.GeneralPage.<init>(GeneralPage.java:47)
at com.logigear.test.ta_dashboard.pom.PanelPage.<init>(PanelPage.java:20)
at com.logigear.test.ta_dashboard.pom.GeneralPage.<init>(GeneralPage.java:47)
at com.logigear.test.ta_dashboard.pom.PanelPage.<init>(PanelPage.java:20)
at com.logigear.test.ta_dashboard.pom.GeneralPage.<init>(GeneralPage.java:47)
at com.logigear.test.ta_dashboard.pom.PanelPage.<init>(PanelPage.java:20)
at com.logigear.test.ta_dashboard.pom.GeneralPage.<init>(GeneralPage.java:47)
at com.logigear.test.ta_dashboard.pom.PanelPage.<init>(PanelPage.java:20)
at com.logigear.test.ta_dashboard.pom.GeneralPage.<init>(GeneralPage.java:47)
at com.logigear.test.ta_dashboard.pom.PanelPage.<init>(PanelPage.java:20)
at com.logigear.test.ta_dashboard.pom.GeneralPage.<init>(GeneralPage.java:47)
at com.logigear.test.ta_dashboard.pom.PanelPage.<init>(PanelPage.java:20)
at com.logigear.test.ta_dashboard.pom.GeneralPage.<init>(GeneralPage.java:47)
at com.logigear.test.ta_dashboard.pom.PanelPage.<init>(PanelPage.java:20)
at com.logigear.test.ta_dashboard.pom.GeneralPage.<init>(GeneralPage.java:47)
at com.logigear.test.ta_dashboard.pom.PanelPage.<init>(PanelPage.java:20)
at com.logigear.test.ta_dashboard.pom.GeneralPage.<init>(GeneralPage.java:47)
at com.logigear.test.ta_dashboard.pom.PanelPage.<init>(PanelPage.java:20)
at com.logigear.test.ta_dashboard.pom.GeneralPage.<init>(GeneralPage.java:47)
at com.logigear.test.ta_dashboard.pom.PanelPage.<init>(PanelPage.java:20)
at com.logigear.test.ta_dashboard.pom.GeneralPage.<init>(GeneralPage.java:47)
at com.logigear.test.ta_dashboard.pom.PanelPage.<init>(PanelPage.java:20)
at com.logigear.test.ta_dashboard.pom.GeneralPage.<init>(GeneralPage.java:47)
at com.logigear.test.ta_dashboard.pom.PanelPage.<init>(PanelPage.java:20)
at com.logigear.test.ta_dashboard.pom.GeneralPage.<init>(GeneralPage.java:47)
at com.logigear.test.ta_dashboard.pom.PanelPage.<init>(PanelPage.java:20)
at com.logigear.test.ta_dashboard.pom.GeneralPage.<init>(GeneralPage.java:47)
at com.logigear.test.ta_dashboard.pom.PanelPage.<init>(PanelPage.java:20)
at com.logigear.test.ta_dashboard.pom.GeneralPage.<init>(GeneralPage.java:47)
at com.logigear.test.ta_dashboard.pom.PanelPage.<init>(PanelPage.java:20)
at com.logigear.test.ta_dashboard.pom.GeneralPage.<init>(GeneralPage.java:47)
at com.logigear.test.ta_dashboard.pom.PanelPage.<init>(PanelPage.java:20)
at com.logigear.test.ta_dashboard.pom.GeneralPage.<init>(GeneralPage.java:47)
at com.logigear.test.ta_dashboard.pom.PanelPage.<init>(PanelPage.java:20)
at com.logigear.test.ta_dashboard.pom.GeneralPage.<init>(GeneralPage.java:47)
at com.logigear.test.ta_dashboard.pom.PanelPage.<init>(PanelPage.java:20)
at com.logigear.test.ta_dashboard.pom.GeneralPage.<init>(GeneralPage.java:47)
at com.logigear.test.ta_dashboard.pom.PanelPage.<init>(PanelPage.java:20)
at com.logigear.test.ta_dashboard.pom.GeneralPage.<init>(GeneralPage.java:47)
at com.logigear.test.ta_dashboard.pom.PanelPage.<init>(PanelPage.java:20)
at com.logigear.test.ta_dashboard.pom.GeneralPage.<init>(GeneralPage.java:47)
at com.logigear.test.ta_dashboard.pom.PanelPage.<init>(PanelPage.java:20)
at com.logigear.test.ta_dashboard.pom.GeneralPage.<init>(GeneralPage.java:47)
at com.logigear.test.ta_dashboard.pom.PanelPage.<init>(PanelPage.java:20)
at com.logigear.test.ta_dashboard.pom.GeneralPage.<init>(GeneralPage.java:47)
at com.logigear.test.ta_dashboard.pom.PanelPage.<init>(PanelPage.java:20)
at com.logigear.test.ta_dashboard.pom.GeneralPage.<init>(GeneralPage.java:47)
at com.logigear.test.ta_dashboard.pom.PanelPage.<init>(PanelPage.java:20)
at com.logigear.test.ta_dashboard.pom.GeneralPage.<init>(GeneralPage.java:47)
at com.logigear.test.ta_dashboard.pom.PanelPage.<init>(PanelPage.java:20)
at com.logigear.test.ta_dashboard.pom.GeneralPage.<init>(GeneralPage.java:47)
at com.logigear.test.ta_dashboard.pom.PanelPage.<init>(PanelPage.java:20)
at com.logigear.test.ta_dashboard.pom.GeneralPage.<init>(GeneralPage.java:47)
at com.logigear.test.ta_dashboard.pom.PanelPage.<init>(PanelPage.java:20)
at com.logigear.test.ta_dashboard.pom.GeneralPage.<init>(GeneralPage.java:47)
at com.logigear.test.ta_dashboard.pom.PanelPage.<init>(PanelPage.java:20)
at com.logigear.test.ta_dashboard.pom.GeneralPage.<init>(GeneralPage.java:47)
at com.logigear.test.ta_dashboard.pom.PanelPage.<init>(PanelPage.java:20)
at com.logigear.test.ta_dashboard.pom.GeneralPage.<init>(GeneralPage.java:47)
at com.logigear.test.ta_dashboard.pom.PanelPage.<init>(PanelPage.java:20)
at com.logigear.test.ta_dashboard.pom.GeneralPage.<init>(GeneralPage.java:47)
at com.logigear.test.ta_dashboard.pom.PanelPage.<init>(PanelPage.java:20)
at com.logigear.test.ta_dashboard.pom.GeneralPage.<init>(GeneralPage.java:47)
at com.logigear.test.ta_dashboard.pom.PanelPage.<init>(PanelPage.java:20)
at com.logigear.test.ta_dashboard.pom.GeneralPage.<init>(GeneralPage.java:47)
at com.logigear.test.ta_dashboard.pom.PanelPage.<init>(PanelPage.java:20)
at com.logigear.test.ta_dashboard.pom.GeneralPage.<init>(GeneralPage.java:47)
at com.logigear.test.ta_dashboard.pom.PanelPage.<init>(PanelPage.java:20)
at com.logigear.test.ta_dashboard.pom.GeneralPage.<init>(GeneralPage.java:47)
at com.logigear.test.ta_dashboard.pom.PanelPage.<init>(PanelPage.java:20)
at com.logigear.test.ta_dashboard.pom.GeneralPage.<init>(GeneralPage.java:47)
at com.logigear.test.ta_dashboard.pom.PanelPage.<init>(PanelPage.java:20)
at com.logigear.test.ta_dashboard.pom.GeneralPage.<init>(GeneralPage.java:47)
at com.logigear.test.ta_dashboard.pom.PanelPage.<init>(PanelPage.java:20)
at com.logigear.test.ta_dashboard.pom.GeneralPage.<init>(GeneralPage.java:47)
at com.logigear.test.ta_dashboard.pom.PanelPage.<init>(PanelPage.java:20)
at com.logigear.test.ta_dashboard.pom.GeneralPage.<init>(GeneralPage.java:47)
at com.logigear.test.ta_dashboard.pom.PanelPage.<init>(PanelPage.java:20)
at com.logigear.test.ta_dashboard.pom.GeneralPage.<init>(GeneralPage.java:47)
at com.logigear.test.ta_dashboard.pom.PanelPage.<init>(PanelPage.java:20)
at com.logigear.test.ta_dashboard.pom.GeneralPage.<init>(GeneralPage.java:47)
at com.logigear.test.ta_dashboard.pom.PanelPage.<init>(PanelPage.java:20)
at com.logigear.test.ta_dashboard.pom.GeneralPage.<init>(GeneralPage.java:47)
at com.logigear.test.ta_dashboard.pom.PanelPage.<init>(PanelPage.java:20)
at com.logigear.test.ta_dashboard.pom.GeneralPage.<init>(GeneralPage.java:47)
at com.logigear.test.ta_dashboard.pom.PanelPage.<init>(PanelPage.java:20)
at com.logigear.test.ta_dashboard.pom.GeneralPage.<init>(GeneralPage.java:47)
at com.logigear.test.ta_dashboard.pom.PanelPage.<init>(PanelPage.java:20)
at com.logigear.test.ta_dashboard.pom.GeneralPage.<init>(GeneralPage.java:47)
at com.logigear.test.ta_dashboard.pom.PanelPage.<init>(PanelPage.java:20)
at com.logigear.test.ta_dashboard.pom.GeneralPage.<init>(GeneralPage.java:47)
at com.logigear.test.ta_dashboard.pom.PanelPage.<init>(PanelPage.java:20)
at com.logigear.test.ta_dashboard.pom.GeneralPage.<init>(GeneralPage.java:47)
at com.logigear.test.ta_dashboard.pom.PanelPage.<init>(PanelPage.java:20)
at com.logigear.test.ta_dashboard.pom.GeneralPage.<init>(GeneralPage.java:47)
at com.logigear.test.ta_dashboard.pom.PanelPage.<init>(PanelPage.java:20)
at com.logigear.test.ta_dashboard.pom.GeneralPage.<init>(GeneralPage.java:47)
at com.logigear.test.ta_dashboard.pom.PanelPage.<init>(PanelPage.java:20)
at com.logigear.test.ta_dashboard.pom.GeneralPage.<init>(GeneralPage.java:47)
at com.logigear.test.ta_dashboard.pom.PanelPage.<init>(PanelPage.java:20)
at com.logigear.test.ta_dashboard.pom.GeneralPage.<init>(GeneralPage.java:47)
at com.logigear.test.ta_dashboard.pom.PanelPage.<init>(PanelPage.java:20)
at com.logigear.test.ta_dashboard.pom.GeneralPage.<init>(GeneralPage.java:47)
at com.logigear.test.ta_dashboard.pom.PanelPage.<init>(PanelPage.java:20)
at com.logigear.test.ta_dashboard.pom.GeneralPage.<init>(GeneralPage.java:47)
at com.logigear.test.ta_dashboard.pom.PanelPage.<init>(PanelPage.java:20)
at com.logigear.test.ta_dashboard.pom.GeneralPage.<init>(GeneralPage.java:47)
at com.logigear.test.ta_dashboard.pom.PanelPage.<init>(PanelPage.java:20)
at com.logigear.test.ta_dashboard.pom.GeneralPage.<init>(GeneralPage.java:47)
at com.logigear.test.ta_dashboard.pom.PanelPage.<init>(PanelPage.java:20)
at com.logigear.test.ta_dashboard.pom.GeneralPage.<init>(GeneralPage.java:47)
at com.logigear.test.ta_dashboard.pom.PanelPage.<init>(PanelPage.java:20)
at com.logigear.test.ta_dashboard.pom.GeneralPage.<init>(GeneralPage.java:47)
at com.logigear.test.ta_dashboard.pom.PanelPage.<init>(PanelPage.java:20)
at com.logigear.test.ta_dashboard.pom.GeneralPage.<init>(GeneralPage.java:47)
at com.logigear.test.ta_dashboard.pom.PanelPage.<init>(PanelPage.java:20)
at com.logigear.test.ta_dashboard.pom.GeneralPage.<init>(GeneralPage.java:47)
at com.logigear.test.ta_dashboard.pom.PanelPage.<init>(PanelPage.java:20)
at com.logigear.test.ta_dashboard.pom.GeneralPage.<init>(GeneralPage.java:47)
at com.logigear.test.ta_dashboard.pom.PanelPage.<init>(PanelPage.java:20)
at com.logigear.test.ta_dashboard.pom.GeneralPage.<init>(GeneralPage.java:47)
at com.logigear.test.ta_dashboard.pom.PanelPage.<init>(PanelPage.java:20)
at com.logigear.test.ta_dashboard.pom.GeneralPage.<init>(GeneralPage.java:47)
at com.logigear.test.ta_dashboard.pom.PanelPage.<init>(PanelPage.java:20)
at com.logigear.test.ta_dashboard.pom.GeneralPage.<init>(GeneralPage.java:47)
at com.logigear.test.ta_dashboard.pom.PanelPage.<init>(PanelPage.java:20)
at com.logigear.test.ta_dashboard.pom.GeneralPage.<init>(GeneralPage.java:47)
at com.logigear.test.ta_dashboard.pom.PanelPage.<init>(PanelPage.java:20)
at com.logigear.test.ta_dashboard.pom.GeneralPage.<init>(GeneralPage.java:47)
at com.logigear.test.ta_dashboard.pom.PanelPage.<init>(PanelPage.java:20)
at com.logigear.test.ta_dashboard.pom.GeneralPage.<init>(GeneralPage.java:47)
at com.logigear.test.ta_dashboard.pom.PanelPage.<init>(PanelPage.java:20)
at com.logigear.test.ta_dashboard.pom.GeneralPage.<init>(GeneralPage.java:47)
at com.logigear.test.ta_dashboard.pom.PanelPage.<init>(PanelPage.java:20)
at com.logigear.test.ta_dashboard.pom.GeneralPage.<init>(GeneralPage.java:47)
at com.logigear.test.ta_dashboard.pom.PanelPage.<init>(PanelPage.java:20)
at com.logigear.test.ta_dashboard.pom.GeneralPage.<init>(GeneralPage.java:47)
at com.logigear.test.ta_dashboard.pom.PanelPage.<init>(PanelPage.java:20)
at com.logigear.test.ta_dashboard.pom.GeneralPage.<init>(GeneralPage.java:47)
at com.logigear.test.ta_dashboard.pom.PanelPage.<init>(PanelPage.java:20)
at com.logigear.test.ta_dashboard.pom.GeneralPage.<init>(GeneralPage.java:47)
at com.logigear.test.ta_dashboard.pom.PanelPage.<init>(PanelPage.java:20)
at com.logigear.test.ta_dashboard.pom.GeneralPage.<init>(GeneralPage.java:47)
at com.logigear.test.ta_dashboard.pom.PanelPage.<init>(PanelPage.java:20)
at com.logigear.test.ta_dashboard.pom.GeneralPage.<init>(GeneralPage.java:47)
at com.logigear.test.ta_dashboard.pom.PanelPage.<init>(PanelPage.java:20)
at com.logigear.test.ta_dashboard.pom.GeneralPage.<init>(GeneralPage.java:47)
at com.logigear.test.ta_dashboard.pom.PanelPage.<init>(PanelPage.java:20)
at com.logigear.test.ta_dashboard.pom.GeneralPage.<init>(GeneralPage.java:47)
at com.logigear.test.ta_dashboard.pom.PanelPage.<init>(PanelPage.java:20)
at com.logigear.test.ta_dashboard.pom.GeneralPage.<init>(GeneralPage.java:47)
at com.logigear.test.ta_dashboard.pom.PanelPage.<init>(PanelPage.java:20)
at com.logigear.test.ta_dashboard.pom.GeneralPage.<init>(GeneralPage.java:47)
at com.logigear.test.ta_dashboard.pom.PanelPage.<init>(PanelPage.java:20)
at com.logigear.test.ta_dashboard.pom.GeneralPage.<init>(GeneralPage.java:47)
at com.logigear.test.ta_dashboard.pom.PanelPage.<init>(PanelPage.java:20)
at com.logigear.test.ta_dashboard.pom.GeneralPage.<init>(GeneralPage.java:47)
at com.logigear.test.ta_dashboard.pom.PanelPage.<init>(PanelPage.java:20)
at com.logigear.test.ta_dashboard.pom.GeneralPage.<init>(GeneralPage.java:47)
at com.logigear.test.ta_dashboard.pom.PanelPage.<init>(PanelPage.java:20)
at com.logigear.test.ta_dashboard.pom.GeneralPage.<init>(GeneralPage.java:47)
at com.logigear.test.ta_dashboard.pom.PanelPage.<init>(PanelPage.java:20)
at com.logigear.test.ta_dashboard.pom.GeneralPage.<init>(GeneralPage.java:47)
at com.logigear.test.ta_dashboard.pom.PanelPage.<init>(PanelPage.java:20)
at com.logigear.test.ta_dashboard.pom.GeneralPage.<init>(GeneralPage.java:47)
at com.logigear.test.ta_dashboard.pom.PanelPage.<init>(PanelPage.java:20)
at com.logigear.test.ta_dashboard.pom.GeneralPage.<init>(GeneralPage.java:47)
at com.logigear.test.ta_dashboard.pom.PanelPage.<init>(PanelPage.java:20)
at com.logigear.test.ta_dashboard.pom.GeneralPage.<init>(GeneralPage.java:47)
at com.logigear.test.ta_dashboard.pom.PanelPage.<init>(PanelPage.java:20)
at com.logigear.test.ta_dashboard.pom.GeneralPage.<init>(GeneralPage.java:47)
at com.logigear.test.ta_dashboard.pom.PanelPage.<init>(PanelPage.java:20)
at com.logigear.test.ta_dashboard.pom.GeneralPage.<init>(GeneralPage.java:47)
at com.logigear.test.ta_dashboard.pom.PanelPage.<init>(PanelPage.java:20)
at com.logigear.test.ta_dashboard.pom.GeneralPage.<init>(GeneralPage.java:47)
at com.logigear.test.ta_dashboard.pom.PanelPage.<init>(PanelPage.java:20)
at com.logigear.test.ta_dashboard.pom.GeneralPage.<init>(GeneralPage.java:47)
at com.logigear.test.ta_dashboard.pom.PanelPage.<init>(PanelPage.java:20)
at com.logigear.test.ta_dashboard.pom.GeneralPage.<init>(GeneralPage.java:47)
at com.logigear.test.ta_dashboard.pom.PanelPage.<init>(PanelPage.java:20)
at com.logigear.test.ta_dashboard.pom.GeneralPage.<init>(GeneralPage.java:47)
at com.logigear.test.ta_dashboard.pom.PanelPage.<init>(PanelPage.java:20)
at com.logigear.test.ta_dashboard.pom.GeneralPage.<init>(GeneralPage.java:47)
at com.logigear.test.ta_dashboard.pom.PanelPage.<init>(PanelPage.java:20)
at com.logigear.test.ta_dashboard.pom.GeneralPage.<init>(GeneralPage.java:47)
at com.logigear.test.ta_dashboard.pom.PanelPage.<init>(PanelPage.java:20)
at com.logigear.test.ta_dashboard.pom.GeneralPage.<init>(GeneralPage.java:47)
at com.logigear.test.ta_dashboard.pom.PanelPage.<init>(PanelPage.java:20)
at com.logigear.test.ta_dashboard.pom.GeneralPage.<init>(GeneralPage.java:47)
at com.logigear.test.ta_dashboard.pom.PanelPage.<init>(PanelPage.java:20)
at com.logigear.test.ta_dashboard.pom.GeneralPage.<init>(GeneralPage.java:47)
at com.logigear.test.ta_dashboard.pom.PanelPage.<init>(PanelPage.java:20)
at com.logigear.test.ta_dashboard.pom.GeneralPage.<init>(GeneralPage.java:47)
at com.logigear.test.ta_dashboard.pom.PanelPage.<init>(PanelPage.java:20)
at com.logigear.test.ta_dashboard.pom.GeneralPage.<init>(GeneralPage.java:47)
at com.logigear.test.ta_dashboard.pom.PanelPage.<init>(PanelPage.java:20)
at com.logigear.test.ta_dashboard.pom.GeneralPage.<init>(GeneralPage.java:47)
at com.logigear.test.ta_dashboard.pom.PanelPage.<init>(PanelPage.java:20)
at com.logigear.test.ta_dashboard.pom.GeneralPage.<init>(GeneralPage.java:47)
at com.logigear.test.ta_dashboard.pom.PanelPage.<init>(PanelPage.java:20)
at com.logigear.test.ta_dashboard.pom.GeneralPage.<init>(GeneralPage.java:47)
at com.logigear.test.ta_dashboard.pom.PanelPage.<init>(PanelPage.java:20)
at com.logigear.test.ta_dashboard.pom.GeneralPage.<init>(GeneralPage.java:47)
at com.logigear.test.ta_dashboard.pom.PanelPage.<init>(PanelPage.java:20)
at com.logigear.test.ta_dashboard.pom.GeneralPage.<init>(GeneralPage.java:47)
at com.logigear.test.ta_dashboard.pom.PanelPage.<init>(PanelPage.java:20)
at com.logigear.test.ta_dashboard.pom.GeneralPage.<init>(GeneralPage.java:47)
at com.logigear.test.ta_dashboard.pom.PanelPage.<init>(PanelPage.java:20)
at com.logigear.test.ta_dashboard.pom.GeneralPage.<init>(GeneralPage.java:47)
at com.logigear.test.ta_dashboard.pom.PanelPage.<init>(PanelPage.java:20)
at com.logigear.test.ta_dashboard.pom.GeneralPage.<init>(GeneralPage.java:47)
at com.logigear.test.ta_dashboard.pom.PanelPage.<init>(PanelPage.java:20)
at com.logigear.test.ta_dashboard.pom.GeneralPage.<init>(GeneralPage.java:47)
at com.logigear.test.ta_dashboard.pom.PanelPage.<init>(PanelPage.java:20)
at com.logigear.test.ta_dashboard.pom.GeneralPage.<init>(GeneralPage.java:47)
at com.logigear.test.ta_dashboard.pom.PanelPage.<init>(PanelPage.java:20)
at com.logigear.test.ta_dashboard.pom.GeneralPage.<init>(GeneralPage.java:47)
at com.logigear.test.ta_dashboard.pom.PanelPage.<init>(PanelPage.java:20)
at com.logigear.test.ta_dashboard.pom.GeneralPage.<init>(GeneralPage.java:47)
at com.logigear.test.ta_dashboard.pom.PanelPage.<init>(PanelPage.java:20)
at com.logigear.test.ta_dashboard.pom.GeneralPage.<init>(GeneralPage.java:47)
at com.logigear.test.ta_dashboard.pom.PanelPage.<init>(PanelPage.java:20)
at com.logigear.test.ta_dashboard.pom.GeneralPage.<init>(GeneralPage.java:47)
at com.logigear.test.ta_dashboard.pom.PanelPage.<init>(PanelPage.java:20)
at com.logigear.test.ta_dashboard.pom.GeneralPage.<init>(GeneralPage.java:47)
at com.logigear.test.ta_dashboard.pom.PanelPage.<init>(PanelPage.java:20)
at com.logigear.test.ta_dashboard.pom.GeneralPage.<init>(GeneralPage.java:47)
at com.logigear.test.ta_dashboard.pom.PanelPage.<init>(PanelPage.java:20)
at com.logigear.test.ta_dashboard.pom.GeneralPage.<init>(GeneralPage.java:47)
at com.logigear.test.ta_dashboard.pom.PanelPage.<init>(PanelPage.java:20)
at com.logigear.test.ta_dashboard.pom.GeneralPage.<init>(GeneralPage.java:47)
at com.logigear.test.ta_dashboard.pom.PanelPage.<init>(PanelPage.java:20)
at com.logigear.test.ta_dashboard.pom.GeneralPage.<init>(GeneralPage.java:47)
at com.logigear.test.ta_dashboard.pom.PanelPage.<init>(PanelPage.java:20)
at com.logigear.test.ta_dashboard.pom.GeneralPage.<init>(GeneralPage.java:47)
at com.logigear.test.ta_dashboard.pom.PanelPage.<init>(PanelPage.java:20)
at com.logigear.test.ta_dashboard.pom.GeneralPage.<init>(GeneralPage.java:47)
at com.logigear.test.ta_dashboard.pom.PanelPage.<init>(PanelPage.java:20)
at com.logigear.test.ta_dashboard.pom.GeneralPage.<init>(GeneralPage.java:47)
at com.logigear.test.ta_dashboard.pom.PanelPage.<init>(PanelPage.java:20)
at com.logigear.test.ta_dashboard.pom.GeneralPage.<init>(GeneralPage.java:47)
at com.logigear.test.ta_dashboard.pom.PanelPage.<init>(PanelPage.java:20)
at com.logigear.test.ta_dashboard.pom.GeneralPage.<init>(GeneralPage.java:47)
at com.logigear.test.ta_dashboard.pom.PanelPage.<init>(PanelPage.java:20)
at com.logigear.test.ta_dashboard.pom.GeneralPage.<init>(GeneralPage.java:47)
at com.logigear.test.ta_dashboard.pom.PanelPage.<init>(PanelPage.java:20)
at com.logigear.test.ta_dashboard.pom.GeneralPage.<init>(GeneralPage.java:47)
at com.logigear.test.ta_dashboard.pom.PanelPage.<init>(PanelPage.java:20)
at com.logigear.test.ta_dashboard.pom.GeneralPage.<init>(GeneralPage.java:47)
at com.logigear.test.ta_dashboard.pom.PanelPage.<init>(PanelPage.java:20)
at com.logigear.test.ta_dashboard.pom.GeneralPage.<init>(GeneralPage.java:47)
at com.logigear.test.ta_dashboard.pom.PanelPage.<init>(PanelPage.java:20)
at com.logigear.test.ta_dashboard.pom.GeneralPage.<init>(GeneralPage.java:47)
at com.logigear.test.ta_dashboard.pom.PanelPage.<init>(PanelPage.java:20)
at com.logigear.test.ta_dashboard.pom.GeneralPage.<init>(GeneralPage.java:47)
at com.logigear.test.ta_dashboard.pom.PanelPage.<init>(PanelPage.java:20)
at com.logigear.test.ta_dashboard.pom.GeneralPage.<init>(GeneralPage.java:47)
at com.logigear.test.ta_dashboard.pom.PanelPage.<init>(PanelPage.java:20)
at com.logigear.test.ta_dashboard.pom.GeneralPage.<init>(GeneralPage.java:47)
at com.logigear.test.ta_dashboard.pom.PanelPage.<init>(PanelPage.java:20)
at com.logigear.test.ta_dashboard.pom.GeneralPage.<init>(GeneralPage.java:47)
at com.logigear.test.ta_dashboard.pom.PanelPage.<init>(PanelPage.java:20)
at com.logigear.test.ta_dashboard.pom.GeneralPage.<init>(GeneralPage.java:47)
at com.logigear.test.ta_dashboard.pom.PanelPage.<init>(PanelPage.java:20)
at com.logigear.test.ta_dashboard.pom.GeneralPage.<init>(GeneralPage.java:47)
at com.logigear.test.ta_dashboard.pom.PanelPage.<init>(PanelPage.java:20)
at com.logigear.test.ta_dashboard.pom.GeneralPage.<init>(GeneralPage.java:47)
at com.logigear.test.ta_dashboard.pom.PanelPage.<init>(PanelPage.java:20)
at com.logigear.test.ta_dashboard.pom.GeneralPage.<init>(GeneralPage.java:47)
at com.logigear.test.ta_dashboard.pom.PanelPage.<init>(PanelPage.java:20)
at com.logigear.test.ta_dashboard.pom.GeneralPage.<init>(GeneralPage.java:47)
at com.logigear.test.ta_dashboard.pom.PanelPage.<init>(PanelPage.java:20)
at com.logigear.test.ta_dashboard.pom.GeneralPage.<init>(GeneralPage.java:47)
at com.logigear.test.ta_dashboard.pom.PanelPage.<init>(PanelPage.java:20)
at com.logigear.test.ta_dashboard.pom.GeneralPage.<init>(GeneralPage.java:47)
at com.logigear.test.ta_dashboard.pom.PanelPage.<init>(PanelPage.java:20)
at com.logigear.test.ta_dashboard.pom.GeneralPage.<init>(GeneralPage.java:47)
at com.logigear.test.ta_dashboard.pom.PanelPage.<init>(PanelPage.java:20)
at com.logigear.test.ta_dashboard.pom.GeneralPage.<init>(GeneralPage.java:47)
at com.logigear.test.ta_dashboard.pom.PanelPage.<init>(PanelPage.java:20)
at com.logigear.test.ta_dashboard.pom.GeneralPage.<init>(GeneralPage.java:47)
at com.logigear.test.ta_dashboard.pom.PanelPage.<init>(PanelPage.java:20)
at com.logigear.test.ta_dashboard.pom.GeneralPage.<init>(GeneralPage.java:47)
at com.logigear.test.ta_dashboard.pom.PanelPage.<init>(PanelPage.java:20)
at com.logigear.test.ta_dashboard.pom.GeneralPage.<init>(GeneralPage.java:47)
at com.logigear.test.ta_dashboard.pom.PanelPage.<init>(PanelPage.java:20)
at com.logigear.test.ta_dashboard.pom.GeneralPage.<init>(GeneralPage.java:47)
at com.logigear.test.ta_dashboard.pom.PanelPage.<init>(PanelPage.java:20)
at com.logigear.test.ta_dashboard.pom.GeneralPage.<init>(GeneralPage.java:47)
at com.logigear.test.ta_dashboard.pom.PanelPage.<init>(PanelPage.java:20)
at com.logigear.test.ta_dashboard.pom.GeneralPage.<init>(GeneralPage.java:47)
at com.logigear.test.ta_dashboard.pom.PanelPage.<init>(PanelPage.java:20)
at com.logigear.test.ta_dashboard.pom.GeneralPage.<init>(GeneralPage.java:47)
at com.logigear.test.ta_dashboard.pom.PanelPage.<init>(PanelPage.java:20)
at com.logigear.test.ta_dashboard.pom.GeneralPage.<init>(GeneralPage.java:47)
at com.logigear.test.ta_dashboard.pom.PanelPage.<init>(PanelPage.java:20)
at com.logigear.test.ta_dashboard.pom.GeneralPage.<init>(GeneralPage.java:47)
at com.logigear.test.ta_dashboard.pom.PanelPage.<init>(PanelPage.java:20)
at com.logigear.test.ta_dashboard.pom.GeneralPage.<init>(GeneralPage.java:47)
at com.logigear.test.ta_dashboard.pom.PanelPage.<init>(PanelPage.java:20)
at com.logigear.test.ta_dashboard.pom.GeneralPage.<init>(GeneralPage.java:47)
at com.logigear.test.ta_dashboard.pom.PanelPage.<init>(PanelPage.java:20)
at com.logigear.test.ta_dashboard.pom.GeneralPage.<init>(GeneralPage.java:47)
at com.logigear.test.ta_dashboard.pom.PanelPage.<init>(PanelPage.java:20)
at com.logigear.test.ta_dashboard.pom.GeneralPage.<init>(GeneralPage.java:47)
at com.logigear.test.ta_dashboard.pom.PanelPage.<init>(PanelPage.java:20)
at com.logigear.test.ta_dashboard.pom.GeneralPage.<init>(GeneralPage.java:47)
at com.logigear.test.ta_dashboard.pom.PanelPage.<init>(PanelPage.java:20)
at com.logigear.test.ta_dashboard.pom.GeneralPage.<init>(GeneralPage.java:47)
at com.logigear.test.ta_dashboard.pom.PanelPage.<init>(PanelPage.java:20)
at com.logigear.test.ta_dashboard.pom.GeneralPage.<init>(GeneralPage.java:47)
at com.logigear.test.ta_dashboard.pom.PanelPage.<init>(PanelPage.java:20)
at com.logigear.test.ta_dashboard.pom.GeneralPage.<init>(GeneralPage.java:47)
at com.logigear.test.ta_dashboard.pom.PanelPage.<init>(PanelPage.java:20)
at com.logigear.test.ta_dashboard.pom.GeneralPage.<init>(GeneralPage.java:47)
at com.logigear.test.ta_dashboard.pom.PanelPage.<init>(PanelPage.java:20)
at com.logigear.test.ta_dashboard.pom.GeneralPage.<init>(GeneralPage.java:47)
at com.logigear.test.ta_dashboard.pom.PanelPage.<init>(PanelPage.java:20)
at com.logigear.test.ta_dashboard.pom.GeneralPage.<init>(GeneralPage.java:47)
at com.logigear.test.ta_dashboard.pom.PanelPage.<init>(PanelPage.java:20)
at com.logigear.test.ta_dashboard.pom.GeneralPage.<init>(GeneralPage.java:47)
at com.logigear.test.ta_dashboard.pom.PanelPage.<init>(PanelPage.java:20)
at com.logigear.test.ta_dashboard.pom.GeneralPage.<init>(GeneralPage.java:47)
at com.logigear.test.ta_dashboard.pom.PanelPage.<init>(PanelPage.java:20)
at com.logigear.test.ta_dashboard.pom.GeneralPage.<init>(GeneralPage.java:47)
at com.logigear.test.ta_dashboard.pom.PanelPage.<init>(PanelPage.java:20)
at com.logigear.test.ta_dashboard.pom.GeneralPage.<init>(GeneralPage.java:47)
at com.logigear.test.ta_dashboard.pom.PanelPage.<init>(PanelPage.java:20)
at com.logigear.test.ta_dashboard.pom.GeneralPage.<init>(GeneralPage.java:47)
at com.logigear.test.ta_dashboard.pom.PanelPage.<init>(PanelPage.java:20)
at com.logigear.test.ta_dashboard.pom.GeneralPage.<init>(GeneralPage.java:47)
at com.logigear.test.ta_dashboard.pom.PanelPage.<init>(PanelPage.java:20)
at com.logigear.test.ta_dashboard.pom.GeneralPage.<init>(GeneralPage.java:47)
at com.logigear.test.ta_dashboard.pom.PanelPage.<init>(PanelPage.java:20)
at com.logigear.test.ta_dashboard.pom.GeneralPage.<init>(GeneralPage.java:47)
at com.logigear.test.ta_dashboard.pom.PanelPage.<init>(PanelPage.java:20)
at com.logigear.test.ta_dashboard.pom.GeneralPage.<init>(GeneralPage.java:47)
at com.logigear.test.ta_dashboard.pom.PanelPage.<init>(PanelPage.java:20)
at com.logigear.test.ta_dashboard.pom.GeneralPage.<init>(GeneralPage.java:47)
at com.logigear.test.ta_dashboard.pom.PanelPage.<init>(PanelPage.java:20)
at com.logigear.test.ta_dashboard.pom.GeneralPage.<init>(GeneralPage.java:47)
at com.logigear.test.ta_dashboard.pom.PanelPage.<init>(PanelPage.java:20)
at com.logigear.test.ta_dashboard.pom.GeneralPage.<init>(GeneralPage.java:47)
at com.logigear.test.ta_dashboard.pom.PanelPage.<init>(PanelPage.java:20)
at com.logigear.test.ta_dashboard.pom.GeneralPage.<init>(GeneralPage.java:47)
at com.logigear.test.ta_dashboard.pom.PanelPage.<init>(PanelPage.java:20)
at com.logigear.test.ta_dashboard.pom.GeneralPage.<init>(GeneralPage.java:47)
at com.logigear.test.ta_dashboard.pom.PanelPage.<init>(PanelPage.java:20)
at com.logigear.test.ta_dashboard.pom.GeneralPage.<init>(GeneralPage.java:47)
at com.logigear.test.ta_dashboard.pom.PanelPage.<init>(PanelPage.java:20)
at com.logigear.test.ta_dashboard.pom.GeneralPage.<init>(GeneralPage.java:47)
at com.logigear.test.ta_dashboard.pom.PanelPage.<init>(PanelPage.java:20)
at com.logigear.test.ta_dashboard.pom.GeneralPage.<init>(GeneralPage.java:47)
at com.logigear.test.ta_dashboard.pom.PanelPage.<init>(PanelPage.java:20)
at com.logigear.test.ta_dashboard.pom.GeneralPage.<init>(GeneralPage.java:47)
at com.logigear.test.ta_dashboard.pom.PanelPage.<init>(PanelPage.java:20)
at com.logigear.test.ta_dashboard.pom.GeneralPage.<init>(GeneralPage.java:47)
at com.logigear.test.ta_dashboard.pom.PanelPage.<init>(PanelPage.java:20)
at com.logigear.test.ta_dashboard.pom.GeneralPage.<init>(GeneralPage.java:47)
at com.logigear.test.ta_dashboard.pom.PanelPage.<init>(PanelPage.java:20)
at com.logigear.test.ta_dashboard.pom.GeneralPage.<init>(GeneralPage.java:47)
at com.logigear.test.ta_dashboard.pom.PanelPage.<init>(PanelPage.java:20)
at com.logigear.test.ta_dashboard.pom.GeneralPage.<init>(GeneralPage.java:47)
at com.logigear.test.ta_dashboard.pom.PanelPage.<init>(PanelPage.java:20)
at com.logigear.test.ta_dashboard.pom.GeneralPage.<init>(GeneralPage.java:47)
at com.logigear.test.ta_dashboard.pom.PanelPage.<init>(PanelPage.java:20)
at com.logigear.test.ta_dashboard.pom.GeneralPage.<init>(GeneralPage.java:47)
at com.logigear.test.ta_dashboard.pom.PanelPage.<init>(PanelPage.java:20)
at com.logigear.test.ta_dashboard.pom.GeneralPage.<init>(GeneralPage.java:47)
at com.logigear.test.ta_dashboard.pom.PanelPage.<init>(PanelPage.java:20)
at com.logigear.test.ta_dashboard.pom.GeneralPage.<init>(GeneralPage.java:47)
at com.logigear.test.ta_dashboard.pom.PanelPage.<init>(PanelPage.java:20)
at com.logigear.test.ta_dashboard.pom.GeneralPage.<init>(GeneralPage.java:47)
at com.logigear.test.ta_dashboard.pom.PanelPage.<init>(PanelPage.java:20)
at com.logigear.test.ta_dashboard.pom.GeneralPage.<init>(GeneralPage.java:47)
at com.logigear.test.ta_dashboard.pom.PanelPage.<init>(PanelPage.java:20)
at com.logigear.test.ta_dashboard.pom.GeneralPage.<init>(GeneralPage.java:47)
at com.logigear.test.ta_dashboard.pom.PanelPage.<init>(PanelPage.java:20)
at com.logigear.test.ta_dashboard.pom.GeneralPage.<init>(GeneralPage.java:47)
at com.logigear.test.ta_dashboard.pom.PanelPage.<init>(PanelPage.java:20)
at com.logigear.test.ta_dashboard.pom.GeneralPage.<init>(GeneralPage.java:47)
at com.logigear.test.ta_dashboard.pom.PanelPage.<init>(PanelPage.java:20)
at com.logigear.test.ta_dashboard.pom.GeneralPage.<init>(GeneralPage.java:47)
at com.logigear.test.ta_dashboard.pom.PanelPage.<init>(PanelPage.java:20)
at com.logigear.test.ta_dashboard.pom.GeneralPage.<init>(GeneralPage.java:47)
at com.logigear.test.ta_dashboard.pom.PanelPage.<init>(PanelPage.java:20)
at com.logigear.test.ta_dashboard.pom.GeneralPage.<init>(GeneralPage.java:47)
at com.logigear.test.ta_dashboard.pom.PanelPage.<init>(PanelPage.java:20)
at com.logigear.test.ta_dashboard.pom.GeneralPage.<init>(GeneralPage.java:47)
at com.logigear.test.ta_dashboard.pom.PanelPage.<init>(PanelPage.java:20)
at com.logigear.test.ta_dashboard.pom.GeneralPage.<init>(GeneralPage.java:47)
at com.logigear.test.ta_dashboard.pom.PanelPage.<init>(PanelPage.java:20)
at com.logigear.test.ta_dashboard.pom.GeneralPage.<init>(GeneralPage.java:47)
at com.logigear.test.ta_dashboard.pom.PanelPage.<init>(PanelPage.java:20)
at com.logigear.test.ta_dashboard.pom.GeneralPage.<init>(GeneralPage.java:47)
at com.logigear.test.ta_dashboard.pom.PanelPage.<init>(PanelPage.java:20)
at com.logigear.test.ta_dashboard.pom.GeneralPage.<init>(GeneralPage.java:47)
at com.logigear.test.ta_dashboard.pom.PanelPage.<init>(PanelPage.java:20)
at com.logigear.test.ta_dashboard.pom.GeneralPage.<init>(GeneralPage.java:47)
at com.logigear.test.ta_dashboard.pom.PanelPage.<init>(PanelPage.java:20)
at com.logigear.test.ta_dashboard.pom.GeneralPage.<init>(GeneralPage.java:47)
at com.logigear.test.ta_dashboard.pom.PanelPage.<init>(PanelPage.java:20)
at com.logigear.test.ta_dashboard.pom.GeneralPage.<init>(GeneralPage.java:47)
at com.logigear.test.ta_dashboard.pom.PanelPage.<init>(PanelPage.java:20)
at com.logigear.test.ta_dashboard.pom.GeneralPage.<init>(GeneralPage.java:47)
at com.logigear.test.ta_dashboard.pom.PanelPage.<init>(PanelPage.java:20)
at com.logigear.test.ta_dashboard.pom.GeneralPage.<init>(GeneralPage.java:47)
at com.logigear.test.ta_dashboard.pom.PanelPage.<init>(PanelPage.java:20)
at com.logigear.test.ta_dashboard.pom.GeneralPage.<init>(GeneralPage.java:47)
at com.logigear.test.ta_dashboard.pom.PanelPage.<init>(PanelPage.java:20)
at com.logigear.test.ta_dashboard.pom.GeneralPage.<init>(GeneralPage.java:47)
at com.logigear.test.ta_dashboard.pom.PanelPage.<init>(PanelPage.java:20)
at com.logigear.test.ta_dashboard.pom.GeneralPage.<init>(GeneralPage.java:47)
at com.logigear.test.ta_dashboard.pom.PanelPage.<init>(PanelPage.java:20)
at com.logigear.test.ta_dashboard.pom.GeneralPage.<init>(GeneralPage.java:47)
at com.logigear.test.ta_dashboard.pom.PanelPage.<init>(PanelPage.java:20)
at com.logigear.test.ta_dashboard.pom.GeneralPage.<init>(GeneralPage.java:47)
at com.logigear.test.ta_dashboard.pom.PanelPage.<init>(PanelPage.java:20)
at com.logigear.test.ta_dashboard.pom.GeneralPage.<init>(GeneralPage.java:47)
at com.logigear.test.ta_dashboard.pom.PanelPage.<init>(PanelPage.java:20)
at com.logigear.test.ta_dashboard.pom.GeneralPage.<init>(GeneralPage.java:47)
at com.logigear.test.ta_dashboard.pom.PanelPage.<init>(PanelPage.java:20)
at com.logigear.test.ta_dashboard.pom.GeneralPage.<init>(GeneralPage.java:47)
at com.logigear.test.ta_dashboard.pom.PanelPage.<init>(PanelPage.java:20)
at com.logigear.test.ta_dashboard.pom.GeneralPage.<init>(GeneralPage.java:47)
at com.logigear.test.ta_dashboard.pom.PanelPage.<init>(PanelPage.java:20)
at com.logigear.test.ta_dashboard.pom.GeneralPage.<init>(GeneralPage.java:47)
at com.logigear.test.ta_dashboard.pom.PanelPage.<init>(PanelPage.java:20)
at com.logigear.test.ta_dashboard.pom.GeneralPage.<init>(GeneralPage.java:47)
at com.logigear.test.ta_dashboard.pom.PanelPage.<init>(PanelPage.java:20)
at com.logigear.test.ta_dashboard.pom.GeneralPage.<init>(GeneralPage.java:47)
at com.logigear.test.ta_dashboard.pom.PanelPage.<init>(PanelPage.java:20)
at com.logigear.test.ta_dashboard.pom.GeneralPage.<init>(GeneralPage.java:47)
at com.logigear.test.ta_dashboard.pom.PanelPage.<init>(PanelPage.java:20)
at com.logigear.test.ta_dashboard.pom.GeneralPage.<init>(GeneralPage.java:47)
at com.logigear.test.ta_dashboard.pom.PanelPage.<init>(PanelPage.java:20)
at com.logigear.test.ta_dashboard.pom.GeneralPage.<init>(GeneralPage.java:47)
at com.logigear.test.ta_dashboard.pom.PanelPage.<init>(PanelPage.java:20)
at com.logigear.test.ta_dashboard.pom.GeneralPage.<init>(GeneralPage.java:47)
at com.logigear.test.ta_dashboard.pom.PanelPage.<init>(PanelPage.java:20)
at com.logigear.test.ta_dashboard.pom.GeneralPage.<init>(GeneralPage.java:47)
at com.logigear.test.ta_dashboard.pom.PanelPage.<init>(PanelPage.java:20)
at com.logigear.test.ta_dashboard.pom.GeneralPage.<init>(GeneralPage.java:47)
at com.logigear.test.ta_dashboard.pom.PanelPage.<init>(PanelPage.java:20)
at com.logigear.test.ta_dashboard.pom.GeneralPage.<init>(GeneralPage.java:47)
at com.logigear.test.ta_dashboard.pom.PanelPage.<init>(PanelPage.java:20)
at com.logigear.test.ta_dashboard.pom.GeneralPage.<init>(GeneralPage.java:47)
at com.logigear.test.ta_dashboard.pom.PanelPage.<init>(PanelPage.java:20)
at com.logigear.test.ta_dashboard.pom.GeneralPage.<init>(GeneralPage.java:47)
at com.logigear.test.ta_dashboard.pom.PanelPage.<init>(PanelPage.java:20)
at com.logigear.test.ta_dashboard.pom.GeneralPage.<init>(GeneralPage.java:47)
at com.logigear.test.ta_dashboard.pom.PanelPage.<init>(PanelPage.java:20)
at com.logigear.test.ta_dashboard.pom.GeneralPage.<init>(GeneralPage.java:47)
at com.logigear.test.ta_dashboard.pom.PanelPage.<init>(PanelPage.java:20)
at com.logigear.test.ta_dashboard.pom.GeneralPage.<init>(GeneralPage.java:47)
at com.logigear.test.ta_dashboard.pom.PanelPage.<init>(PanelPage.java:20)
at com.logigear.test.ta_dashboard.pom.GeneralPage.<init>(GeneralPage.java:47)
at com.logigear.test.ta_dashboard.pom.PanelPage.<init>(PanelPage.java:20)
at com.logigear.test.ta_dashboard.pom.GeneralPage.<init>(GeneralPage.java:47)
at com.logigear.test.ta_dashboard.pom.PanelPage.<init>(PanelPage.java:20)
at com.logigear.test.ta_dashboard.pom.GeneralPage.<init>(GeneralPage.java:47)
at com.logigear.test.ta_dashboard.pom.PanelPage.<init>(PanelPage.java:20)
at com.logigear.test.ta_dashboard.pom.GeneralPage.<init>(GeneralPage.java:47)
at com.logigear.test.ta_dashboard.pom.PanelPage.<init>(PanelPage.java:20)
at com.logigear.test.ta_dashboard.pom.GeneralPage.<init>(GeneralPage.java:47)
at com.logigear.test.ta_dashboard.pom.PanelPage.<init>(PanelPage.java:20)
at com.logigear.test.ta_dashboard.pom.GeneralPage.<init>(GeneralPage.java:47)
at com.logigear.test.ta_dashboard.pom.PanelPage.<init>(PanelPage.java:20)
at com.logigear.test.ta_dashboard.pom.GeneralPage.<init>(GeneralPage.java:47)
at com.logigear.test.ta_dashboard.pom.PanelPage.<init>(PanelPage.java:20)
at com.logigear.test.ta_dashboard.pom.GeneralPage.<init>(GeneralPage.java:47)
at com.logigear.test.ta_dashboard.pom.PanelPage.<init>(PanelPage.java:20)
at com.logigear.test.ta_dashboard.pom.GeneralPage.<init>(GeneralPage.java:47)
at com.logigear.test.ta_dashboard.pom.PanelPage.<init>(PanelPage.java:20)
at com.logigear.test.ta_dashboard.pom.GeneralPage.<init>(GeneralPage.java:47)
at com.logigear.test.ta_dashboard.pom.PanelPage.<init>(PanelPage.java:20)
at com.logigear.test.ta_dashboard.pom.GeneralPage.<init>(GeneralPage.java:47)
at com.logigear.test.ta_dashboard.pom.PanelPage.<init>(PanelPage.java:20)
at com.logigear.test.ta_dashboard.pom.GeneralPage.<init>(GeneralPage.java:47)
at com.logigear.test.ta_dashboard.pom.PanelPage.<init>(PanelPage.java:20)
at com.logigear.test.ta_dashboard.pom.GeneralPage.<init>(GeneralPage.java:47)
at com.logigear.test.ta_dashboard.pom.PanelPage.<init>(PanelPage.java:20)
at com.logigear.test.ta_dashboard.pom.GeneralPage.<init>(GeneralPage.java:47)
at com.logigear.test.ta_dashboard.pom.PanelPage.<init>(PanelPage.java:20)
at com.logigear.test.ta_dashboard.pom.GeneralPage.<init>(GeneralPage.java:47)
at com.logigear.test.ta_dashboard.pom.PanelPage.<init>(PanelPage.java:20)
at com.logigear.test.ta_dashboard.pom.GeneralPage.<init>(GeneralPage.java:47)
at com.logigear.test.ta_dashboard.pom.PanelPage.<init>(PanelPage.java:20)
at com.logigear.test.ta_dashboard.pom.GeneralPage.<init>(GeneralPage.java:47)
at com.logigear.test.ta_dashboard.pom.PanelPage.<init>(PanelPage.java:20)
at com.logigear.test.ta_dashboard.pom.GeneralPage.<init>(GeneralPage.java:47)
at com.logigear.test.ta_dashboard.pom.PanelPage.<init>(PanelPage.java:20)
at com.logigear.test.ta_dashboard.pom.GeneralPage.<init>(GeneralPage.java:47)
]]>
    </error>
  </testcase> <!-- DA_PANEL_TC031 -->
</testsuite> <!-- com.logigear.test.ta_dashboard.testcases.PanelTest_Tien -->
